{"/home/wact/ssmp/lib/collections.js":{"path":"/home/wact/ssmp/lib/collections.js","s":{"1":1,"2":1,"3":0,"4":0,"5":0,"6":0,"7":0,"8":0,"9":0,"10":1,"11":1,"12":0,"13":0,"14":0,"15":0,"16":0,"17":0,"18":0,"19":0,"20":0,"21":0,"22":0,"23":0,"24":0,"25":0,"26":0,"27":0,"28":0,"29":0,"30":0,"31":0,"32":0,"33":0,"34":0,"35":0,"36":0,"37":1},"b":{},"f":{"1":0,"2":0},"fnMap":{"1":{"name":"(anonymous_1)","line":4,"loc":{"start":{"line":4,"column":16},"end":{"line":4,"column":34}}},"2":{"name":"(anonymous_2)","line":21,"loc":{"start":{"line":21,"column":13},"end":{"line":21,"column":31}}}},"statementMap":{"1":{"start":{"line":1,"column":0},"end":{"line":2,"column":34}},"2":{"start":{"line":4,"column":0},"end":{"line":17,"column":2}},"3":{"start":{"line":5,"column":2},"end":{"line":8,"column":21}},"4":{"start":{"line":10,"column":2},"end":{"line":10,"column":36}},"5":{"start":{"line":11,"column":2},"end":{"line":11,"column":35}},"6":{"start":{"line":12,"column":2},"end":{"line":12,"column":42}},"7":{"start":{"line":13,"column":2},"end":{"line":13,"column":31}},"8":{"start":{"line":14,"column":2},"end":{"line":14,"column":22}},"9":{"start":{"line":16,"column":2},"end":{"line":16,"column":12}},"10":{"start":{"line":18,"column":0},"end":{"line":18,"column":30}},"11":{"start":{"line":21,"column":0},"end":{"line":58,"column":2}},"12":{"start":{"line":22,"column":2},"end":{"line":22,"column":26}},"13":{"start":{"line":23,"column":2},"end":{"line":26,"column":21}},"14":{"start":{"line":28,"column":2},"end":{"line":29,"column":2}},"15":{"start":{"line":29,"column":2},"end":{"line":30,"column":2}},"16":{"start":{"line":30,"column":2},"end":{"line":30,"column":26}},"17":{"start":{"line":31,"column":2},"end":{"line":31,"column":26}},"18":{"start":{"line":33,"column":2},"end":{"line":33,"column":39}},"19":{"start":{"line":34,"column":2},"end":{"line":34,"column":46}},"20":{"start":{"line":35,"column":2},"end":{"line":35,"column":35}},"21":{"start":{"line":36,"column":2},"end":{"line":36,"column":31}},"22":{"start":{"line":37,"column":2},"end":{"line":38,"column":44}},"23":{"start":{"line":40,"column":2},"end":{"line":40,"column":43}},"24":{"start":{"line":41,"column":2},"end":{"line":41,"column":42}},"25":{"start":{"line":42,"column":2},"end":{"line":42,"column":40}},"26":{"start":{"line":44,"column":2},"end":{"line":56,"column":3}},"27":{"start":{"line":46,"column":4},"end":{"line":46,"column":16}},"28":{"start":{"line":47,"column":4},"end":{"line":47,"column":41}},"29":{"start":{"line":48,"column":4},"end":{"line":48,"column":40}},"30":{"start":{"line":49,"column":4},"end":{"line":49,"column":44}},"31":{"start":{"line":50,"column":4},"end":{"line":50,"column":39}},"32":{"start":{"line":51,"column":4},"end":{"line":51,"column":39}},"33":{"start":{"line":52,"column":4},"end":{"line":52,"column":38}},"34":{"start":{"line":53,"column":4},"end":{"line":53,"column":45}},"35":{"start":{"line":55,"column":4},"end":{"line":55,"column":30}},"36":{"start":{"line":57,"column":2},"end":{"line":57,"column":13}},"37":{"start":{"line":59,"column":0},"end":{"line":59,"column":24}}},"branchMap":{}},"/home/wact/ssmp/lib/generic.js":{"path":"/home/wact/ssmp/lib/generic.js","s":{"1":1,"2":1,"3":24,"4":24,"5":0,"6":10,"7":10,"8":1,"9":9,"10":10,"11":37,"12":37,"13":37,"14":37,"15":0,"16":1,"17":1,"18":1,"19":1,"20":1,"21":0,"22":0,"23":0,"24":0,"25":0,"26":0,"27":0,"28":0,"29":0,"30":0,"31":0,"32":1,"33":1,"34":0,"35":0,"36":0,"37":0,"38":0,"39":0,"40":0,"41":0,"42":0,"43":0,"44":0,"45":0,"46":0,"47":0,"48":0,"49":1,"50":1,"51":2,"52":2,"53":6,"54":6,"55":24,"56":24,"57":2,"58":1},"b":{"1":[24,4],"2":[1,9],"3":[10,10],"4":[37,0],"5":[37,0],"6":[1,0],"7":[0,0],"8":[0,0],"9":[0,0],"10":[0,0],"11":[0,0],"12":[0,0],"13":[0,0],"14":[2,22],"15":[24,8]},"f":{"1":24,"2":0,"3":10,"4":37,"5":1,"6":0,"7":0,"8":2,"9":24},"fnMap":{"1":{"name":"(anonymous_1)","line":38,"loc":{"start":{"line":38,"column":10},"end":{"line":38,"column":23}}},"2":{"name":"(anonymous_2)","line":41,"loc":{"start":{"line":41,"column":11},"end":{"line":41,"column":25}}},"3":{"name":"(anonymous_3)","line":44,"loc":{"start":{"line":44,"column":8},"end":{"line":44,"column":19}}},"4":{"name":"(anonymous_4)","line":53,"loc":{"start":{"line":53,"column":8},"end":{"line":53,"column":28}}},"5":{"name":"(anonymous_5)","line":63,"loc":{"start":{"line":63,"column":8},"end":{"line":63,"column":23}}},"6":{"name":"(anonymous_6)","line":80,"loc":{"start":{"line":80,"column":16},"end":{"line":80,"column":38}}},"7":{"name":"(anonymous_7)","line":111,"loc":{"start":{"line":111,"column":17},"end":{"line":111,"column":33}}},"8":{"name":"(anonymous_8)","line":142,"loc":{"start":{"line":142,"column":15},"end":{"line":142,"column":49}}},"9":{"name":"(anonymous_9)","line":148,"loc":{"start":{"line":148,"column":40},"end":{"line":148,"column":50}}}},"statementMap":{"1":{"start":{"line":10,"column":0},"end":{"line":15,"column":29}},"2":{"start":{"line":38,"column":0},"end":{"line":70,"column":2}},"3":{"start":{"line":39,"column":2},"end":{"line":39,"column":23}},"4":{"start":{"line":40,"column":2},"end":{"line":70,"column":0}},"5":{"start":{"line":42,"column":6},"end":{"line":42,"column":35}},"6":{"start":{"line":45,"column":6},"end":{"line":45,"column":14}},"7":{"start":{"line":46,"column":6},"end":{"line":50,"column":7}},"8":{"start":{"line":47,"column":8},"end":{"line":47,"column":18}},"9":{"start":{"line":49,"column":8},"end":{"line":49,"column":32}},"10":{"start":{"line":51,"column":6},"end":{"line":51,"column":17}},"11":{"start":{"line":54,"column":6},"end":{"line":54,"column":28}},"12":{"start":{"line":55,"column":6},"end":{"line":61,"column":7}},"13":{"start":{"line":56,"column":8},"end":{"line":60,"column":9}},"14":{"start":{"line":57,"column":10},"end":{"line":58,"column":8}},"15":{"start":{"line":59,"column":10},"end":{"line":60,"column":8}},"16":{"start":{"line":64,"column":6},"end":{"line":64,"column":23}},"17":{"start":{"line":65,"column":6},"end":{"line":67,"column":7}},"18":{"start":{"line":66,"column":8},"end":{"line":67,"column":6}},"19":{"start":{"line":71,"column":0},"end":{"line":71,"column":18}},"20":{"start":{"line":80,"column":0},"end":{"line":103,"column":2}},"21":{"start":{"line":82,"column":2},"end":{"line":102,"column":3}},"22":{"start":{"line":84,"column":4},"end":{"line":85,"column":29}},"23":{"start":{"line":87,"column":4},"end":{"line":99,"column":5}},"24":{"start":{"line":88,"column":6},"end":{"line":89,"column":35}},"25":{"start":{"line":90,"column":6},"end":{"line":95,"column":7}},"26":{"start":{"line":91,"column":8},"end":{"line":93,"column":9}},"27":{"start":{"line":92,"column":10},"end":{"line":92,"column":35}},"28":{"start":{"line":94,"column":8},"end":{"line":94,"column":14}},"29":{"start":{"line":96,"column":6},"end":{"line":98,"column":7}},"30":{"start":{"line":97,"column":8},"end":{"line":97,"column":14}},"31":{"start":{"line":101,"column":4},"end":{"line":102,"column":2}},"32":{"start":{"line":104,"column":0},"end":{"line":104,"column":30}},"33":{"start":{"line":111,"column":0},"end":{"line":139,"column":2}},"34":{"start":{"line":112,"column":2},"end":{"line":116,"column":28}},"35":{"start":{"line":118,"column":2},"end":{"line":134,"column":3}},"36":{"start":{"line":119,"column":4},"end":{"line":120,"column":33}},"37":{"start":{"line":121,"column":4},"end":{"line":130,"column":5}},"38":{"start":{"line":122,"column":6},"end":{"line":122,"column":40}},"39":{"start":{"line":123,"column":6},"end":{"line":125,"column":7}},"40":{"start":{"line":124,"column":8},"end":{"line":124,"column":16}},"41":{"start":{"line":126,"column":6},"end":{"line":129,"column":7}},"42":{"start":{"line":127,"column":8},"end":{"line":127,"column":27}},"43":{"start":{"line":128,"column":8},"end":{"line":128,"column":14}},"44":{"start":{"line":131,"column":4},"end":{"line":133,"column":5}},"45":{"start":{"line":132,"column":6},"end":{"line":132,"column":12}},"46":{"start":{"line":135,"column":2},"end":{"line":137,"column":3}},"47":{"start":{"line":136,"column":4},"end":{"line":136,"column":13}},"48":{"start":{"line":138,"column":2},"end":{"line":138,"column":13}},"49":{"start":{"line":140,"column":0},"end":{"line":140,"column":32}},"50":{"start":{"line":142,"column":0},"end":{"line":155,"column":2}},"51":{"start":{"line":143,"column":2},"end":{"line":144,"column":2}},"52":{"start":{"line":144,"column":2},"end":{"line":154,"column":3}},"53":{"start":{"line":145,"column":4},"end":{"line":146,"column":33}},"54":{"start":{"line":147,"column":4},"end":{"line":153,"column":5}},"55":{"start":{"line":148,"column":6},"end":{"line":152,"column":9}},"56":{"start":{"line":149,"column":8},"end":{"line":151,"column":9}},"57":{"start":{"line":150,"column":10},"end":{"line":151,"column":8}},"58":{"start":{"line":156,"column":0},"end":{"line":156,"column":28}}},"branchMap":{"1":{"line":39,"type":"binary-expr","locations":[{"start":{"line":39,"column":13},"end":{"line":39,"column":16}},{"start":{"line":39,"column":20},"end":{"line":39,"column":22}}]},"2":{"line":46,"type":"if","locations":[{"start":{"line":46,"column":6},"end":{"line":46,"column":6}},{"start":{"line":46,"column":6},"end":{"line":46,"column":6}}]},"3":{"line":46,"type":"binary-expr","locations":[{"start":{"line":46,"column":9},"end":{"line":46,"column":21}},{"start":{"line":46,"column":25},"end":{"line":46,"column":37}}]},"4":{"line":55,"type":"if","locations":[{"start":{"line":55,"column":6},"end":{"line":55,"column":6}},{"start":{"line":55,"column":6},"end":{"line":55,"column":6}}]},"5":{"line":56,"type":"if","locations":[{"start":{"line":56,"column":8},"end":{"line":56,"column":8}},{"start":{"line":56,"column":8},"end":{"line":56,"column":8}}]},"6":{"line":65,"type":"if","locations":[{"start":{"line":65,"column":6},"end":{"line":65,"column":6}},{"start":{"line":65,"column":6},"end":{"line":65,"column":6}}]},"7":{"line":82,"type":"if","locations":[{"start":{"line":82,"column":2},"end":{"line":82,"column":2}},{"start":{"line":82,"column":2},"end":{"line":82,"column":2}}]},"8":{"line":90,"type":"if","locations":[{"start":{"line":90,"column":6},"end":{"line":90,"column":6}},{"start":{"line":90,"column":6},"end":{"line":90,"column":6}}]},"9":{"line":96,"type":"if","locations":[{"start":{"line":96,"column":6},"end":{"line":96,"column":6}},{"start":{"line":96,"column":6},"end":{"line":96,"column":6}}]},"10":{"line":123,"type":"if","locations":[{"start":{"line":123,"column":6},"end":{"line":123,"column":6}},{"start":{"line":123,"column":6},"end":{"line":123,"column":6}}]},"11":{"line":126,"type":"if","locations":[{"start":{"line":126,"column":6},"end":{"line":126,"column":6}},{"start":{"line":126,"column":6},"end":{"line":126,"column":6}}]},"12":{"line":131,"type":"if","locations":[{"start":{"line":131,"column":4},"end":{"line":131,"column":4}},{"start":{"line":131,"column":4},"end":{"line":131,"column":4}}]},"13":{"line":135,"type":"if","locations":[{"start":{"line":135,"column":2},"end":{"line":135,"column":2}},{"start":{"line":135,"column":2},"end":{"line":135,"column":2}}]},"14":{"line":149,"type":"if","locations":[{"start":{"line":149,"column":8},"end":{"line":149,"column":8}},{"start":{"line":149,"column":8},"end":{"line":149,"column":8}}]},"15":{"line":149,"type":"binary-expr","locations":[{"start":{"line":149,"column":11},"end":{"line":149,"column":26}},{"start":{"line":149,"column":30},"end":{"line":149,"column":45}}]}}},"/home/wact/ssmp/lib/default.js":{"path":"/home/wact/ssmp/lib/default.js","s":{"1":1,"2":1,"3":1,"4":1,"5":1,"6":1,"7":1,"8":1,"9":1,"10":1,"11":1},"b":{},"f":{},"fnMap":{},"statementMap":{"1":{"start":{"line":2,"column":0},"end":{"line":2,"column":13}},"2":{"start":{"line":3,"column":0},"end":{"line":3,"column":22}},"3":{"start":{"line":7,"column":0},"end":{"line":15,"column":2}},"4":{"start":{"line":20,"column":0},"end":{"line":23,"column":2}},"5":{"start":{"line":28,"column":0},"end":{"line":30,"column":2}},"6":{"start":{"line":34,"column":0},"end":{"line":36,"column":2}},"7":{"start":{"line":41,"column":0},"end":{"line":51,"column":2}},"8":{"start":{"line":52,"column":0},"end":{"line":57,"column":2}},"9":{"start":{"line":58,"column":0},"end":{"line":58,"column":21}},"10":{"start":{"line":59,"column":0},"end":{"line":59,"column":23}},"11":{"start":{"line":60,"column":0},"end":{"line":60,"column":21}}},"branchMap":{}},"/home/wact/ssmp/lib/utils.js":{"path":"/home/wact/ssmp/lib/utils.js","s":{"1":1,"2":1,"3":14,"4":14,"5":23,"6":23,"7":5,"8":5,"9":5,"10":10,"11":10,"12":18,"13":14,"14":1,"15":1,"16":3,"17":3,"18":2,"19":1,"20":3,"21":3,"22":3,"23":1,"24":1,"25":15,"26":15,"27":1,"28":1,"29":15,"30":1,"31":1,"32":15,"33":9,"34":9,"35":15,"36":4,"37":15,"38":1,"39":1,"40":7,"41":7,"42":6,"43":5,"44":5,"45":1,"46":1,"47":4,"48":3,"49":3,"50":1,"51":1,"52":1,"53":1,"54":1,"55":1,"56":7,"57":1,"58":1,"59":3,"60":3,"61":2,"62":2,"63":1,"64":1,"65":1,"66":1,"67":1,"68":1,"69":1,"70":1,"71":1,"72":1,"73":1,"74":1,"75":4,"76":4,"77":1,"78":1,"79":1,"80":3,"81":2,"82":2,"83":1,"84":1,"85":1,"86":1,"87":1,"88":1,"89":1,"90":1,"91":1,"92":1,"93":1,"94":1,"95":4,"96":1,"97":1,"98":1,"99":1,"100":1,"101":1,"102":1,"103":1},"b":{"1":[5,18],"2":[5,0],"3":[2,1],"4":[1,14],"5":[15,1,1],"6":[1,14],"7":[15,2,2],"8":[9,6],"9":[15,11,9],"10":[4,11],"11":[15,4,4],"12":[6,1],"13":[7,6],"14":[5,1],"15":[6,6,5],"16":[1,4],"17":[3,1],"18":[4,1],"19":[2,1],"20":[3,3,2,2],"21":[1,1],"22":[1,3],"23":[4,3],"24":[2,1],"25":[3,3,2,2],"26":[1,1],"27":[1,3],"28":[1,0],"29":[1,0]},"f":{"1":14,"2":10,"3":3,"4":15,"5":7,"6":3,"7":4,"8":4,"9":1,"10":1},"fnMap":{"1":{"name":"(anonymous_1)","line":21,"loc":{"start":{"line":21,"column":19},"end":{"line":21,"column":35}}},"2":{"name":"(anonymous_2)","line":31,"loc":{"start":{"line":31,"column":35},"end":{"line":31,"column":46}}},"3":{"name":"(anonymous_3)","line":42,"loc":{"start":{"line":42,"column":22},"end":{"line":42,"column":50}}},"4":{"name":"(anonymous_4)","line":61,"loc":{"start":{"line":61,"column":15},"end":{"line":61,"column":28}}},"5":{"name":"(anonymous_5)","line":90,"loc":{"start":{"line":90,"column":10},"end":{"line":90,"column":28}}},"6":{"name":"(anonymous_6)","line":127,"loc":{"start":{"line":127,"column":10},"end":{"line":127,"column":32}}},"7":{"name":"(anonymous_7)","line":159,"loc":{"start":{"line":159,"column":10},"end":{"line":159,"column":32}}},"8":{"name":"(anonymous_8)","line":206,"loc":{"start":{"line":206,"column":11},"end":{"line":206,"column":22}}},"9":{"name":"(anonymous_9)","line":210,"loc":{"start":{"line":210,"column":13},"end":{"line":210,"column":27}}},"10":{"name":"(anonymous_10)","line":221,"loc":{"start":{"line":221,"column":13},"end":{"line":221,"column":27}}}},"statementMap":{"1":{"start":{"line":1,"column":0},"end":{"line":8,"column":29}},"2":{"start":{"line":21,"column":0},"end":{"line":39,"column":2}},"3":{"start":{"line":22,"column":2},"end":{"line":23,"column":30}},"4":{"start":{"line":24,"column":2},"end":{"line":37,"column":3}},"5":{"start":{"line":25,"column":4},"end":{"line":25,"column":32}},"6":{"start":{"line":27,"column":4},"end":{"line":36,"column":5}},"7":{"start":{"line":28,"column":6},"end":{"line":28,"column":39}},"8":{"start":{"line":29,"column":6},"end":{"line":33,"column":7}},"9":{"start":{"line":30,"column":8},"end":{"line":32,"column":9}},"10":{"start":{"line":31,"column":10},"end":{"line":31,"column":61}},"11":{"start":{"line":31,"column":47},"end":{"line":31,"column":58}},"12":{"start":{"line":35,"column":6},"end":{"line":35,"column":23}},"13":{"start":{"line":38,"column":2},"end":{"line":38,"column":13}},"14":{"start":{"line":40,"column":0},"end":{"line":40,"column":36}},"15":{"start":{"line":42,"column":0},"end":{"line":59,"column":0}},"16":{"start":{"line":44,"column":2},"end":{"line":45,"column":40}},"17":{"start":{"line":47,"column":2},"end":{"line":53,"column":3}},"18":{"start":{"line":48,"column":4},"end":{"line":51,"column":2}},"19":{"start":{"line":52,"column":4},"end":{"line":52,"column":44}},"20":{"start":{"line":54,"column":2},"end":{"line":54,"column":43}},"21":{"start":{"line":55,"column":2},"end":{"line":55,"column":43}},"22":{"start":{"line":57,"column":2},"end":{"line":57,"column":29}},"23":{"start":{"line":59,"column":0},"end":{"line":59,"column":42}},"24":{"start":{"line":61,"column":0},"end":{"line":88,"column":0}},"25":{"start":{"line":62,"column":2},"end":{"line":67,"column":42}},"26":{"start":{"line":69,"column":2},"end":{"line":72,"column":3}},"27":{"start":{"line":70,"column":4},"end":{"line":70,"column":57}},"28":{"start":{"line":71,"column":4},"end":{"line":71,"column":24}},"29":{"start":{"line":74,"column":2},"end":{"line":77,"column":3}},"30":{"start":{"line":75,"column":4},"end":{"line":75,"column":47}},"31":{"start":{"line":76,"column":4},"end":{"line":76,"column":20}},"32":{"start":{"line":79,"column":2},"end":{"line":82,"column":3}},"33":{"start":{"line":80,"column":4},"end":{"line":80,"column":36}},"34":{"start":{"line":81,"column":4},"end":{"line":81,"column":16}},"35":{"start":{"line":83,"column":2},"end":{"line":85,"column":3}},"36":{"start":{"line":84,"column":4},"end":{"line":84,"column":32}},"37":{"start":{"line":86,"column":2},"end":{"line":86,"column":14}},"38":{"start":{"line":88,"column":0},"end":{"line":88,"column":28}},"39":{"start":{"line":90,"column":0},"end":{"line":125,"column":0}},"40":{"start":{"line":91,"column":2},"end":{"line":93,"column":33}},"41":{"start":{"line":95,"column":2},"end":{"line":122,"column":3}},"42":{"start":{"line":97,"column":4},"end":{"line":118,"column":5}},"43":{"start":{"line":101,"column":6},"end":{"line":101,"column":48}},"44":{"start":{"line":102,"column":6},"end":{"line":114,"column":7}},"45":{"start":{"line":103,"column":8},"end":{"line":104,"column":8}},"46":{"start":{"line":104,"column":8},"end":{"line":104,"column":50}},"47":{"start":{"line":106,"column":10},"end":{"line":112,"column":11}},"48":{"start":{"line":107,"column":12},"end":{"line":107,"column":21}},"49":{"start":{"line":108,"column":12},"end":{"line":108,"column":52}},"50":{"start":{"line":110,"column":12},"end":{"line":111,"column":12}},"51":{"start":{"line":111,"column":12},"end":{"line":111,"column":51}},"52":{"start":{"line":116,"column":6},"end":{"line":116,"column":42}},"53":{"start":{"line":117,"column":6},"end":{"line":117,"column":40}},"54":{"start":{"line":120,"column":4},"end":{"line":121,"column":4}},"55":{"start":{"line":121,"column":4},"end":{"line":121,"column":43}},"56":{"start":{"line":123,"column":2},"end":{"line":123,"column":12}},"57":{"start":{"line":125,"column":0},"end":{"line":125,"column":18}},"58":{"start":{"line":127,"column":0},"end":{"line":156,"column":2}},"59":{"start":{"line":128,"column":2},"end":{"line":130,"column":33}},"60":{"start":{"line":132,"column":2},"end":{"line":155,"column":3}},"61":{"start":{"line":137,"column":4},"end":{"line":137,"column":25}},"62":{"start":{"line":139,"column":4},"end":{"line":149,"column":5}},"63":{"start":{"line":140,"column":6},"end":{"line":140,"column":25}},"64":{"start":{"line":141,"column":6},"end":{"line":141,"column":25}},"65":{"start":{"line":142,"column":6},"end":{"line":142,"column":26}},"66":{"start":{"line":144,"column":6},"end":{"line":144,"column":13}},"67":{"start":{"line":147,"column":6},"end":{"line":147,"column":44}},"68":{"start":{"line":148,"column":6},"end":{"line":148,"column":45}},"69":{"start":{"line":151,"column":4},"end":{"line":151,"column":34}},"70":{"start":{"line":152,"column":4},"end":{"line":152,"column":22}},"71":{"start":{"line":153,"column":4},"end":{"line":153,"column":24}},"72":{"start":{"line":154,"column":4},"end":{"line":154,"column":11}},"73":{"start":{"line":157,"column":0},"end":{"line":157,"column":18}},"74":{"start":{"line":159,"column":0},"end":{"line":202,"column":2}},"75":{"start":{"line":160,"column":2},"end":{"line":164,"column":24}},"76":{"start":{"line":166,"column":2},"end":{"line":201,"column":6}},"77":{"start":{"line":169,"column":4},"end":{"line":169,"column":38}},"78":{"start":{"line":170,"column":4},"end":{"line":170,"column":65}},"79":{"start":{"line":172,"column":4},"end":{"line":172,"column":11}},"80":{"start":{"line":175,"column":7},"end":{"line":200,"column":8}},"81":{"start":{"line":180,"column":9},"end":{"line":180,"column":30}},"82":{"start":{"line":182,"column":9},"end":{"line":192,"column":10}},"83":{"start":{"line":183,"column":11},"end":{"line":183,"column":30}},"84":{"start":{"line":184,"column":11},"end":{"line":184,"column":30}},"85":{"start":{"line":185,"column":11},"end":{"line":185,"column":31}},"86":{"start":{"line":187,"column":11},"end":{"line":187,"column":18}},"87":{"start":{"line":190,"column":6},"end":{"line":190,"column":41}},"88":{"start":{"line":191,"column":11},"end":{"line":191,"column":55}},"89":{"start":{"line":194,"column":9},"end":{"line":194,"column":39}},"90":{"start":{"line":195,"column":9},"end":{"line":195,"column":28}},"91":{"start":{"line":196,"column":9},"end":{"line":196,"column":29}},"92":{"start":{"line":198,"column":9},"end":{"line":198,"column":16}},"93":{"start":{"line":203,"column":0},"end":{"line":203,"column":18}},"94":{"start":{"line":206,"column":0},"end":{"line":208,"column":2}},"95":{"start":{"line":207,"column":4},"end":{"line":207,"column":32}},"96":{"start":{"line":210,"column":0},"end":{"line":218,"column":2}},"97":{"start":{"line":211,"column":4},"end":{"line":216,"column":30}},"98":{"start":{"line":217,"column":4},"end":{"line":217,"column":51}},"99":{"start":{"line":219,"column":0},"end":{"line":219,"column":24}},"100":{"start":{"line":221,"column":0},"end":{"line":225,"column":2}},"101":{"start":{"line":222,"column":2},"end":{"line":222,"column":46}},"102":{"start":{"line":224,"column":2},"end":{"line":224,"column":27}},"103":{"start":{"line":226,"column":0},"end":{"line":226,"column":24}}},"branchMap":{"1":{"line":27,"type":"if","locations":[{"start":{"line":27,"column":4},"end":{"line":27,"column":4}},{"start":{"line":27,"column":4},"end":{"line":27,"column":4}}]},"2":{"line":29,"type":"if","locations":[{"start":{"line":29,"column":6},"end":{"line":29,"column":6}},{"start":{"line":29,"column":6},"end":{"line":29,"column":6}}]},"3":{"line":47,"type":"if","locations":[{"start":{"line":47,"column":2},"end":{"line":47,"column":2}},{"start":{"line":47,"column":2},"end":{"line":47,"column":2}}]},"4":{"line":69,"type":"if","locations":[{"start":{"line":69,"column":2},"end":{"line":69,"column":2}},{"start":{"line":69,"column":2},"end":{"line":69,"column":2}}]},"5":{"line":69,"type":"binary-expr","locations":[{"start":{"line":69,"column":5},"end":{"line":69,"column":7}},{"start":{"line":69,"column":11},"end":{"line":69,"column":13}},{"start":{"line":69,"column":17},"end":{"line":69,"column":19}}]},"6":{"line":74,"type":"if","locations":[{"start":{"line":74,"column":2},"end":{"line":74,"column":2}},{"start":{"line":74,"column":2},"end":{"line":74,"column":2}}]},"7":{"line":74,"type":"binary-expr","locations":[{"start":{"line":74,"column":5},"end":{"line":74,"column":7}},{"start":{"line":74,"column":11},"end":{"line":74,"column":13}},{"start":{"line":74,"column":17},"end":{"line":74,"column":20}}]},"8":{"line":79,"type":"if","locations":[{"start":{"line":79,"column":2},"end":{"line":79,"column":2}},{"start":{"line":79,"column":2},"end":{"line":79,"column":2}}]},"9":{"line":79,"type":"binary-expr","locations":[{"start":{"line":79,"column":5},"end":{"line":79,"column":7}},{"start":{"line":79,"column":11},"end":{"line":79,"column":14}},{"start":{"line":79,"column":18},"end":{"line":79,"column":21}}]},"10":{"line":83,"type":"if","locations":[{"start":{"line":83,"column":2},"end":{"line":83,"column":2}},{"start":{"line":83,"column":2},"end":{"line":83,"column":2}}]},"11":{"line":83,"type":"binary-expr","locations":[{"start":{"line":83,"column":5},"end":{"line":83,"column":8}},{"start":{"line":83,"column":12},"end":{"line":83,"column":15}},{"start":{"line":83,"column":19},"end":{"line":83,"column":22}}]},"12":{"line":95,"type":"if","locations":[{"start":{"line":95,"column":2},"end":{"line":95,"column":2}},{"start":{"line":95,"column":2},"end":{"line":95,"column":2}}]},"13":{"line":95,"type":"binary-expr","locations":[{"start":{"line":95,"column":5},"end":{"line":95,"column":7}},{"start":{"line":96,"column":5},"end":{"line":96,"column":12}}]},"14":{"line":97,"type":"if","locations":[{"start":{"line":97,"column":4},"end":{"line":97,"column":4}},{"start":{"line":97,"column":4},"end":{"line":97,"column":4}}]},"15":{"line":97,"type":"binary-expr","locations":[{"start":{"line":97,"column":7},"end":{"line":97,"column":13}},{"start":{"line":98,"column":7},"end":{"line":98,"column":22}},{"start":{"line":99,"column":7},"end":{"line":99,"column":40}}]},"16":{"line":102,"type":"if","locations":[{"start":{"line":102,"column":6},"end":{"line":102,"column":6}},{"start":{"line":102,"column":6},"end":{"line":102,"column":6}}]},"17":{"line":106,"type":"if","locations":[{"start":{"line":106,"column":10},"end":{"line":106,"column":10}},{"start":{"line":106,"column":10},"end":{"line":106,"column":10}}]},"18":{"line":106,"type":"binary-expr","locations":[{"start":{"line":106,"column":13},"end":{"line":106,"column":28}},{"start":{"line":106,"column":32},"end":{"line":106,"column":46}}]},"19":{"line":132,"type":"if","locations":[{"start":{"line":132,"column":2},"end":{"line":132,"column":2}},{"start":{"line":132,"column":2},"end":{"line":132,"column":2}}]},"20":{"line":132,"type":"binary-expr","locations":[{"start":{"line":132,"column":5},"end":{"line":132,"column":7}},{"start":{"line":133,"column":5},"end":{"line":133,"column":11}},{"start":{"line":134,"column":5},"end":{"line":134,"column":12}},{"start":{"line":135,"column":5},"end":{"line":135,"column":20}}]},"21":{"line":139,"type":"if","locations":[{"start":{"line":139,"column":4},"end":{"line":139,"column":4}},{"start":{"line":139,"column":4},"end":{"line":139,"column":4}}]},"22":{"line":166,"type":"if","locations":[{"start":{"line":166,"column":2},"end":{"line":166,"column":2}},{"start":{"line":166,"column":2},"end":{"line":166,"column":2}}]},"23":{"line":166,"type":"binary-expr","locations":[{"start":{"line":166,"column":5},"end":{"line":166,"column":23}},{"start":{"line":167,"column":5},"end":{"line":167,"column":22}}]},"24":{"line":175,"type":"if","locations":[{"start":{"line":175,"column":7},"end":{"line":175,"column":7}},{"start":{"line":175,"column":7},"end":{"line":175,"column":7}}]},"25":{"line":175,"type":"binary-expr","locations":[{"start":{"line":175,"column":10},"end":{"line":175,"column":12}},{"start":{"line":176,"column":10},"end":{"line":176,"column":16}},{"start":{"line":177,"column":10},"end":{"line":177,"column":17}},{"start":{"line":178,"column":10},"end":{"line":178,"column":25}}]},"26":{"line":182,"type":"if","locations":[{"start":{"line":182,"column":9},"end":{"line":182,"column":9}},{"start":{"line":182,"column":9},"end":{"line":182,"column":9}}]},"27":{"line":207,"type":"cond-expr","locations":[{"start":{"line":207,"column":20},"end":{"line":207,"column":27}},{"start":{"line":207,"column":30},"end":{"line":207,"column":31}}]},"28":{"line":211,"type":"cond-expr","locations":[{"start":{"line":211,"column":20},"end":{"line":211,"column":34}},{"start":{"line":211,"column":37},"end":{"line":211,"column":47}}]},"29":{"line":222,"type":"cond-expr","locations":[{"start":{"line":222,"column":18},"end":{"line":222,"column":32}},{"start":{"line":222,"column":35},"end":{"line":222,"column":45}}]}}},"/home/wact/ssmp/lib/net.js":{"path":"/home/wact/ssmp/lib/net.js","s":{"1":1,"2":1,"3":3,"4":3,"5":1,"6":1,"7":2,"8":2,"9":1,"10":1,"11":0,"12":0,"13":1,"14":0,"15":0,"16":1,"17":0,"18":0,"19":1,"20":0,"21":0},"b":{},"f":{"1":3,"2":2,"3":0,"4":0,"5":0,"6":0},"fnMap":{"1":{"name":"(anonymous_1)","line":11,"loc":{"start":{"line":11,"column":12},"end":{"line":11,"column":24}}},"2":{"name":"(anonymous_2)","line":20,"loc":{"start":{"line":20,"column":10},"end":{"line":20,"column":22}}},"3":{"name":"(anonymous_3)","line":28,"loc":{"start":{"line":28,"column":15},"end":{"line":28,"column":27}}},"4":{"name":"(anonymous_4)","line":39,"loc":{"start":{"line":39,"column":15},"end":{"line":39,"column":33}}},"5":{"name":"(anonymous_5)","line":53,"loc":{"start":{"line":53,"column":18},"end":{"line":53,"column":37}}},"6":{"name":"(anonymous_6)","line":64,"loc":{"start":{"line":64,"column":16},"end":{"line":64,"column":28}}}},"statementMap":{"1":{"start":{"line":1,"column":0},"end":{"line":2,"column":27}},"2":{"start":{"line":11,"column":0},"end":{"line":17,"column":2}},"3":{"start":{"line":13,"column":2},"end":{"line":14,"column":52}},"4":{"start":{"line":16,"column":2},"end":{"line":16,"column":19}},"5":{"start":{"line":18,"column":0},"end":{"line":20,"column":0}},"6":{"start":{"line":20,"column":0},"end":{"line":26,"column":0}},"7":{"start":{"line":21,"column":2},"end":{"line":22,"column":38}},"8":{"start":{"line":23,"column":2},"end":{"line":23,"column":12}},"9":{"start":{"line":26,"column":0},"end":{"line":26,"column":18}},"10":{"start":{"line":28,"column":0},"end":{"line":37,"column":2}},"11":{"start":{"line":29,"column":2},"end":{"line":29,"column":40}},"12":{"start":{"line":30,"column":2},"end":{"line":36,"column":4}},"13":{"start":{"line":39,"column":0},"end":{"line":51,"column":2}},"14":{"start":{"line":40,"column":2},"end":{"line":42,"column":27}},"15":{"start":{"line":44,"column":2},"end":{"line":50,"column":4}},"16":{"start":{"line":53,"column":0},"end":{"line":64,"column":0}},"17":{"start":{"line":54,"column":2},"end":{"line":54,"column":40}},"18":{"start":{"line":55,"column":2},"end":{"line":61,"column":4}},"19":{"start":{"line":64,"column":0},"end":{"line":74,"column":2}},"20":{"start":{"line":65,"column":2},"end":{"line":71,"column":8}},"21":{"start":{"line":73,"column":2},"end":{"line":73,"column":13}}},"branchMap":{}},"/home/wact/ssmp/lib/ini_cd.js":{"path":"/home/wact/ssmp/lib/ini_cd.js","s":{"1":1,"2":1,"3":0,"4":0,"5":0,"6":0,"7":0,"8":0,"9":0,"10":0,"11":0,"12":0,"13":0,"14":0,"15":0},"b":{"1":[0,0],"2":[0,0,0,0,0],"3":[0,0],"4":[0,0],"5":[0,0]},"f":{"1":0,"2":0},"fnMap":{"1":{"name":"(anonymous_1)","line":20,"loc":{"start":{"line":20,"column":17},"end":{"line":20,"column":39}}},"2":{"name":"(anonymous_2)","line":37,"loc":{"start":{"line":37,"column":32},"end":{"line":37,"column":51}}}},"statementMap":{"1":{"start":{"line":1,"column":0},"end":{"line":7,"column":29}},"2":{"start":{"line":20,"column":0},"end":{"line":51,"column":2}},"3":{"start":{"line":21,"column":2},"end":{"line":24,"column":24}},"4":{"start":{"line":26,"column":2},"end":{"line":50,"column":3}},"5":{"start":{"line":32,"column":4},"end":{"line":45,"column":5}},"6":{"start":{"line":33,"column":6},"end":{"line":34,"column":39}},"7":{"start":{"line":35,"column":6},"end":{"line":35,"column":56}},"8":{"start":{"line":37,"column":6},"end":{"line":44,"column":9}},"9":{"start":{"line":38,"column":8},"end":{"line":40,"column":9}},"10":{"start":{"line":39,"column":10},"end":{"line":40,"column":8}},"11":{"start":{"line":41,"column":8},"end":{"line":43,"column":9}},"12":{"start":{"line":42,"column":10},"end":{"line":43,"column":8}},"13":{"start":{"line":47,"column":4},"end":{"line":47,"column":37}},"14":{"start":{"line":48,"column":4},"end":{"line":48,"column":59}},"15":{"start":{"line":49,"column":4},"end":{"line":49,"column":11}}},"branchMap":{"1":{"line":26,"type":"if","locations":[{"start":{"line":26,"column":2},"end":{"line":26,"column":2}},{"start":{"line":26,"column":2},"end":{"line":26,"column":2}}]},"2":{"line":26,"type":"binary-expr","locations":[{"start":{"line":26,"column":5},"end":{"line":26,"column":7}},{"start":{"line":27,"column":5},"end":{"line":27,"column":12}},{"start":{"line":28,"column":5},"end":{"line":28,"column":15}},{"start":{"line":29,"column":5},"end":{"line":29,"column":8}},{"start":{"line":30,"column":5},"end":{"line":30,"column":9}}]},"3":{"line":32,"type":"if","locations":[{"start":{"line":32,"column":4},"end":{"line":32,"column":4}},{"start":{"line":32,"column":4},"end":{"line":32,"column":4}}]},"4":{"line":38,"type":"if","locations":[{"start":{"line":38,"column":8},"end":{"line":38,"column":8}},{"start":{"line":38,"column":8},"end":{"line":38,"column":8}}]},"5":{"line":41,"type":"if","locations":[{"start":{"line":41,"column":8},"end":{"line":41,"column":8}},{"start":{"line":41,"column":8},"end":{"line":41,"column":8}}]}}},"/home/wact/ssmp/lib/run.js":{"path":"/home/wact/ssmp/lib/run.js","s":{"1":1,"2":1,"3":0,"4":0,"5":0,"6":0,"7":0,"8":0,"9":0,"10":0,"11":0,"12":0,"13":0,"14":0,"15":0,"16":0,"17":0,"18":0,"19":0,"20":0,"21":0,"22":0,"23":0,"24":0,"25":0,"26":0,"27":0,"28":0,"29":0,"30":0,"31":0,"32":0,"33":0,"34":0,"35":0,"36":0,"37":0,"38":0,"39":0,"40":0,"41":0,"42":0,"43":0,"44":0,"45":0,"46":0,"47":0,"48":0,"49":0,"50":0},"b":{"1":[0,0],"2":[0,0],"3":[0,0,0],"4":[0,0],"5":[0,0],"6":[0,0],"7":[0,0],"8":[0,0],"9":[0,0],"10":[0,0],"11":[0,0],"12":[0,0],"13":[0,0],"14":[0,0],"15":[0,0],"16":[0,0],"17":[0,0]},"f":{"1":0,"2":0,"3":0,"4":0,"5":0,"6":0,"7":0,"8":0},"fnMap":{"1":{"name":"(anonymous_1)","line":20,"loc":{"start":{"line":20,"column":18},"end":{"line":20,"column":36}}},"2":{"name":"(anonymous_2)","line":24,"loc":{"start":{"line":24,"column":37},"end":{"line":24,"column":47}}},"3":{"name":"(anonymous_3)","line":94,"loc":{"start":{"line":94,"column":39},"end":{"line":94,"column":52}}},"4":{"name":"(anonymous_4)","line":97,"loc":{"start":{"line":97,"column":48},"end":{"line":97,"column":58}}},"5":{"name":"(anonymous_5)","line":103,"loc":{"start":{"line":103,"column":41},"end":{"line":103,"column":51}}},"6":{"name":"(anonymous_6)","line":109,"loc":{"start":{"line":109,"column":41},"end":{"line":109,"column":51}}},"7":{"name":"(anonymous_7)","line":116,"loc":{"start":{"line":116,"column":37},"end":{"line":116,"column":47}}},"8":{"name":"(anonymous_8)","line":122,"loc":{"start":{"line":122,"column":42},"end":{"line":122,"column":52}}}},"statementMap":{"1":{"start":{"line":1,"column":0},"end":{"line":8,"column":29}},"2":{"start":{"line":20,"column":0},"end":{"line":128,"column":2}},"3":{"start":{"line":21,"column":2},"end":{"line":21,"column":33}},"4":{"start":{"line":23,"column":2},"end":{"line":127,"column":3}},"5":{"start":{"line":24,"column":4},"end":{"line":126,"column":7}},"6":{"start":{"line":25,"column":6},"end":{"line":25,"column":37}},"7":{"start":{"line":27,"column":6},"end":{"line":125,"column":7}},"8":{"start":{"line":31,"column":8},"end":{"line":36,"column":64}},"9":{"start":{"line":39,"column":8},"end":{"line":64,"column":9}},"10":{"start":{"line":40,"column":10},"end":{"line":63,"column":11}},"11":{"start":{"line":42,"column":12},"end":{"line":52,"column":13}},"12":{"start":{"line":43,"column":14},"end":{"line":45,"column":49}},"13":{"start":{"line":47,"column":14},"end":{"line":51,"column":15}},"14":{"start":{"line":48,"column":16},"end":{"line":48,"column":68}},"15":{"start":{"line":50,"column":16},"end":{"line":50,"column":27}},"16":{"start":{"line":54,"column":12},"end":{"line":56,"column":47}},"17":{"start":{"line":58,"column":12},"end":{"line":62,"column":13}},"18":{"start":{"line":59,"column":14},"end":{"line":59,"column":66}},"19":{"start":{"line":61,"column":14},"end":{"line":61,"column":25}},"20":{"start":{"line":67,"column":8},"end":{"line":77,"column":9}},"21":{"start":{"line":68,"column":10},"end":{"line":76,"column":11}},"22":{"start":{"line":69,"column":12},"end":{"line":69,"column":23}},"23":{"start":{"line":70,"column":12},"end":{"line":70,"column":34}},"24":{"start":{"line":71,"column":12},"end":{"line":71,"column":46}},"25":{"start":{"line":73,"column":12},"end":{"line":73,"column":22}},"26":{"start":{"line":74,"column":12},"end":{"line":74,"column":35}},"27":{"start":{"line":75,"column":12},"end":{"line":75,"column":80}},"28":{"start":{"line":80,"column":8},"end":{"line":90,"column":9}},"29":{"start":{"line":81,"column":10},"end":{"line":89,"column":11}},"30":{"start":{"line":82,"column":12},"end":{"line":82,"column":22}},"31":{"start":{"line":83,"column":12},"end":{"line":83,"column":34}},"32":{"start":{"line":84,"column":12},"end":{"line":84,"column":49}},"33":{"start":{"line":86,"column":12},"end":{"line":86,"column":23}},"34":{"start":{"line":87,"column":12},"end":{"line":87,"column":35}},"35":{"start":{"line":88,"column":12},"end":{"line":88,"column":69}},"36":{"start":{"line":93,"column":8},"end":{"line":119,"column":9}},"37":{"start":{"line":94,"column":10},"end":{"line":113,"column":13}},"38":{"start":{"line":96,"column":12},"end":{"line":100,"column":13}},"39":{"start":{"line":97,"column":14},"end":{"line":100,"column":12}},"40":{"start":{"line":98,"column":16},"end":{"line":99,"column":14}},"41":{"start":{"line":102,"column":12},"end":{"line":106,"column":13}},"42":{"start":{"line":103,"column":14},"end":{"line":106,"column":12}},"43":{"start":{"line":104,"column":16},"end":{"line":105,"column":14}},"44":{"start":{"line":108,"column":12},"end":{"line":112,"column":15}},"45":{"start":{"line":109,"column":14},"end":{"line":112,"column":14}},"46":{"start":{"line":110,"column":16},"end":{"line":111,"column":14}},"47":{"start":{"line":116,"column":10},"end":{"line":119,"column":8}},"48":{"start":{"line":117,"column":12},"end":{"line":118,"column":10}},"49":{"start":{"line":122,"column":8},"end":{"line":124,"column":11}},"50":{"start":{"line":123,"column":10},"end":{"line":124,"column":8}}},"branchMap":{"1":{"line":23,"type":"if","locations":[{"start":{"line":23,"column":2},"end":{"line":23,"column":2}},{"start":{"line":23,"column":2},"end":{"line":23,"column":2}}]},"2":{"line":27,"type":"if","locations":[{"start":{"line":27,"column":6},"end":{"line":27,"column":6}},{"start":{"line":27,"column":6},"end":{"line":27,"column":6}}]},"3":{"line":27,"type":"binary-expr","locations":[{"start":{"line":27,"column":9},"end":{"line":27,"column":25}},{"start":{"line":28,"column":9},"end":{"line":28,"column":20}},{"start":{"line":29,"column":9},"end":{"line":29,"column":42}}]},"4":{"line":39,"type":"if","locations":[{"start":{"line":39,"column":8},"end":{"line":39,"column":8}},{"start":{"line":39,"column":8},"end":{"line":39,"column":8}}]},"5":{"line":40,"type":"if","locations":[{"start":{"line":40,"column":10},"end":{"line":40,"column":10}},{"start":{"line":40,"column":10},"end":{"line":40,"column":10}}]},"6":{"line":47,"type":"if","locations":[{"start":{"line":47,"column":14},"end":{"line":47,"column":14}},{"start":{"line":47,"column":14},"end":{"line":47,"column":14}}]},"7":{"line":47,"type":"binary-expr","locations":[{"start":{"line":47,"column":17},"end":{"line":47,"column":22}},{"start":{"line":47,"column":26},"end":{"line":47,"column":31}}]},"8":{"line":58,"type":"if","locations":[{"start":{"line":58,"column":12},"end":{"line":58,"column":12}},{"start":{"line":58,"column":12},"end":{"line":58,"column":12}}]},"9":{"line":58,"type":"binary-expr","locations":[{"start":{"line":58,"column":15},"end":{"line":58,"column":20}},{"start":{"line":58,"column":24},"end":{"line":58,"column":29}}]},"10":{"line":67,"type":"if","locations":[{"start":{"line":67,"column":8},"end":{"line":67,"column":8}},{"start":{"line":67,"column":8},"end":{"line":67,"column":8}}]},"11":{"line":68,"type":"if","locations":[{"start":{"line":68,"column":10},"end":{"line":68,"column":10}},{"start":{"line":68,"column":10},"end":{"line":68,"column":10}}]},"12":{"line":80,"type":"if","locations":[{"start":{"line":80,"column":8},"end":{"line":80,"column":8}},{"start":{"line":80,"column":8},"end":{"line":80,"column":8}}]},"13":{"line":81,"type":"if","locations":[{"start":{"line":81,"column":10},"end":{"line":81,"column":10}},{"start":{"line":81,"column":10},"end":{"line":81,"column":10}}]},"14":{"line":93,"type":"if","locations":[{"start":{"line":93,"column":8},"end":{"line":93,"column":8}},{"start":{"line":93,"column":8},"end":{"line":93,"column":8}}]},"15":{"line":96,"type":"if","locations":[{"start":{"line":96,"column":12},"end":{"line":96,"column":12}},{"start":{"line":96,"column":12},"end":{"line":96,"column":12}}]},"16":{"line":102,"type":"if","locations":[{"start":{"line":102,"column":12},"end":{"line":102,"column":12}},{"start":{"line":102,"column":12},"end":{"line":102,"column":12}}]},"17":{"line":108,"type":"if","locations":[{"start":{"line":108,"column":12},"end":{"line":108,"column":12}},{"start":{"line":108,"column":12},"end":{"line":108,"column":12}}]}}},"/home/wact/ssmp/lib/worker.js":{"path":"/home/wact/ssmp/lib/worker.js","s":{"1":1,"2":1,"3":0,"4":0,"5":0,"6":0,"7":1,"8":0,"9":0,"10":0,"11":0,"12":0,"13":0,"14":0,"15":0,"16":0,"17":0,"18":0,"19":0,"20":0,"21":0,"22":0,"23":1,"24":0,"25":0,"26":0,"27":0,"28":0,"29":0,"30":0,"31":0,"32":0,"33":1,"34":0,"35":0,"36":0,"37":0,"38":0,"39":0,"40":0,"41":0,"42":0,"43":0,"44":0,"45":0,"46":0,"47":0,"48":0,"49":0,"50":0,"51":0,"52":0,"53":0,"54":1,"55":0,"56":0,"57":0,"58":0,"59":0,"60":0,"61":0,"62":0,"63":0,"64":0,"65":0,"66":0,"67":0,"68":0,"69":0,"70":0,"71":0,"72":0,"73":0,"74":0,"75":0,"76":0,"77":0,"78":0,"79":0,"80":0,"81":0,"82":0,"83":0,"84":0,"85":0,"86":0,"87":0,"88":0,"89":1,"90":0,"91":0,"92":0,"93":0,"94":0,"95":0,"96":0,"97":0,"98":0,"99":0,"100":1,"101":1,"102":1,"103":1,"104":1,"105":1,"106":1,"107":1},"b":{"1":[0,0],"2":[0,0],"3":[0,0],"4":[0,0],"5":[0,0],"6":[0,0],"7":[0,0],"8":[0,0],"9":[0,0],"10":[0,0],"11":[0,0,0],"12":[0,0],"13":[0,0],"14":[0,0],"15":[0,0],"16":[0,0],"17":[0,0,0],"18":[0,0],"19":[0,0],"20":[0,0],"21":[0,0],"22":[0,0],"23":[0,0],"24":[0,0]},"f":{"1":0,"2":0,"3":0,"4":0,"5":0,"6":0,"7":0,"8":0,"9":0,"10":0,"11":0,"12":0,"13":0,"14":0,"15":0,"16":0,"17":0,"18":0,"19":0,"20":0},"fnMap":{"1":{"name":"(anonymous_1)","line":22,"loc":{"start":{"line":22,"column":11},"end":{"line":22,"column":39}}},"2":{"name":"(anonymous_2)","line":26,"loc":{"start":{"line":26,"column":15},"end":{"line":26,"column":25}}},"3":{"name":"(anonymous_3)","line":34,"loc":{"start":{"line":34,"column":16},"end":{"line":34,"column":44}}},"4":{"name":"(anonymous_4)","line":37,"loc":{"start":{"line":37,"column":30},"end":{"line":37,"column":44}}},"5":{"name":"(anonymous_5)","line":39,"loc":{"start":{"line":39,"column":29},"end":{"line":39,"column":45}}},"6":{"name":"(anonymous_6)","line":43,"loc":{"start":{"line":43,"column":28},"end":{"line":43,"column":38}}},"7":{"name":"(anonymous_7)","line":46,"loc":{"start":{"line":46,"column":30},"end":{"line":46,"column":41}}},"8":{"name":"(anonymous_8)","line":52,"loc":{"start":{"line":52,"column":18},"end":{"line":52,"column":30}}},"9":{"name":"(anonymous_9)","line":61,"loc":{"start":{"line":61,"column":17},"end":{"line":61,"column":45}}},"10":{"name":"(anonymous_10)","line":76,"loc":{"start":{"line":76,"column":41},"end":{"line":76,"column":51}}},"11":{"name":"(anonymous_11)","line":86,"loc":{"start":{"line":86,"column":18},"end":{"line":86,"column":46}}},"12":{"name":"(anonymous_12)","line":123,"loc":{"start":{"line":123,"column":13},"end":{"line":123,"column":41}}},"13":{"name":"(anonymous_13)","line":159,"loc":{"start":{"line":159,"column":35},"end":{"line":159,"column":45}}},"14":{"name":"(anonymous_14)","line":160,"loc":{"start":{"line":160,"column":37},"end":{"line":160,"column":47}}},"15":{"name":"(anonymous_15)","line":161,"loc":{"start":{"line":161,"column":37},"end":{"line":161,"column":47}}},"16":{"name":"(anonymous_16)","line":163,"loc":{"start":{"line":163,"column":59},"end":{"line":163,"column":69}}},"17":{"name":"(anonymous_17)","line":164,"loc":{"start":{"line":164,"column":73},"end":{"line":164,"column":83}}},"18":{"name":"(anonymous_18)","line":165,"loc":{"start":{"line":165,"column":71},"end":{"line":165,"column":81}}},"19":{"name":"(anonymous_19)","line":187,"loc":{"start":{"line":187,"column":14},"end":{"line":187,"column":42}}},"20":{"name":"(anonymous_20)","line":194,"loc":{"start":{"line":194,"column":28},"end":{"line":194,"column":47}}}},"statementMap":{"1":{"start":{"line":10,"column":0},"end":{"line":20,"column":29}},"2":{"start":{"line":22,"column":0},"end":{"line":32,"column":2}},"3":{"start":{"line":23,"column":2},"end":{"line":31,"column":3}},"4":{"start":{"line":26,"column":4},"end":{"line":29,"column":2}},"5":{"start":{"line":27,"column":6},"end":{"line":27,"column":15}},"6":{"start":{"line":30,"column":4},"end":{"line":31,"column":2}},"7":{"start":{"line":34,"column":0},"end":{"line":59,"column":2}},"8":{"start":{"line":36,"column":2},"end":{"line":50,"column":15}},"9":{"start":{"line":38,"column":14},"end":{"line":38,"column":38}},"10":{"start":{"line":39,"column":14},"end":{"line":42,"column":17}},"11":{"start":{"line":40,"column":16},"end":{"line":40,"column":56}},"12":{"start":{"line":41,"column":16},"end":{"line":42,"column":14}},"13":{"start":{"line":43,"column":14},"end":{"line":45,"column":17}},"14":{"start":{"line":44,"column":16},"end":{"line":45,"column":14}},"15":{"start":{"line":46,"column":14},"end":{"line":49,"column":17}},"16":{"start":{"line":47,"column":16},"end":{"line":47,"column":28}},"17":{"start":{"line":48,"column":16},"end":{"line":49,"column":14}},"18":{"start":{"line":52,"column":2},"end":{"line":55,"column":5}},"19":{"start":{"line":53,"column":4},"end":{"line":53,"column":16}},"20":{"start":{"line":54,"column":4},"end":{"line":55,"column":2}},"21":{"start":{"line":57,"column":2},"end":{"line":57,"column":34}},"22":{"start":{"line":58,"column":2},"end":{"line":58,"column":12}},"23":{"start":{"line":61,"column":0},"end":{"line":84,"column":2}},"24":{"start":{"line":62,"column":2},"end":{"line":83,"column":3}},"25":{"start":{"line":68,"column":4},"end":{"line":71,"column":31}},"26":{"start":{"line":73,"column":4},"end":{"line":75,"column":5}},"27":{"start":{"line":74,"column":6},"end":{"line":74,"column":38}},"28":{"start":{"line":76,"column":4},"end":{"line":79,"column":7}},"29":{"start":{"line":77,"column":6},"end":{"line":78,"column":6}},"30":{"start":{"line":78,"column":6},"end":{"line":78,"column":15}},"31":{"start":{"line":81,"column":4},"end":{"line":81,"column":16}},"32":{"start":{"line":82,"column":4},"end":{"line":83,"column":2}},"33":{"start":{"line":86,"column":0},"end":{"line":121,"column":2}},"34":{"start":{"line":87,"column":2},"end":{"line":120,"column":2}},"35":{"start":{"line":88,"column":4},"end":{"line":88,"column":30}},"36":{"start":{"line":89,"column":4},"end":{"line":91,"column":5}},"37":{"start":{"line":90,"column":6},"end":{"line":90,"column":38}},"38":{"start":{"line":92,"column":4},"end":{"line":92,"column":48}},"39":{"start":{"line":93,"column":4},"end":{"line":116,"column":5}},"40":{"start":{"line":94,"column":6},"end":{"line":94,"column":18}},"41":{"start":{"line":95,"column":6},"end":{"line":96,"column":4}},"42":{"start":{"line":97,"column":6},"end":{"line":115,"column":7}},"43":{"start":{"line":98,"column":8},"end":{"line":98,"column":19}},"44":{"start":{"line":99,"column":8},"end":{"line":110,"column":9}},"45":{"start":{"line":101,"column":10},"end":{"line":109,"column":11}},"46":{"start":{"line":104,"column":12},"end":{"line":108,"column":13}},"47":{"start":{"line":105,"column":14},"end":{"line":105,"column":47}},"48":{"start":{"line":107,"column":14},"end":{"line":107,"column":35}},"49":{"start":{"line":111,"column":8},"end":{"line":112,"column":8}},"50":{"start":{"line":112,"column":8},"end":{"line":112,"column":50}},"51":{"start":{"line":114,"column":8},"end":{"line":114,"column":20}},"52":{"start":{"line":118,"column":3},"end":{"line":118,"column":15}},"53":{"start":{"line":119,"column":3},"end":{"line":120,"column":1}},"54":{"start":{"line":123,"column":0},"end":{"line":185,"column":2}},"55":{"start":{"line":125,"column":2},"end":{"line":184,"column":3}},"56":{"start":{"line":127,"column":4},"end":{"line":130,"column":37}},"57":{"start":{"line":132,"column":4},"end":{"line":176,"column":5}},"58":{"start":{"line":133,"column":6},"end":{"line":133,"column":24}},"59":{"start":{"line":134,"column":6},"end":{"line":175,"column":7}},"60":{"start":{"line":135,"column":8},"end":{"line":136,"column":8}},"61":{"start":{"line":136,"column":8},"end":{"line":136,"column":35}},"62":{"start":{"line":137,"column":8},"end":{"line":137,"column":21}},"63":{"start":{"line":138,"column":8},"end":{"line":153,"column":9}},"64":{"start":{"line":139,"column":10},"end":{"line":139,"column":30}},"65":{"start":{"line":140,"column":10},"end":{"line":152,"column":11}},"66":{"start":{"line":143,"column":12},"end":{"line":144,"column":37}},"67":{"start":{"line":146,"column":12},"end":{"line":151,"column":13}},"68":{"start":{"line":147,"column":14},"end":{"line":147,"column":27}},"69":{"start":{"line":148,"column":14},"end":{"line":148,"column":20}},"70":{"start":{"line":150,"column":14},"end":{"line":150,"column":69}},"71":{"start":{"line":155,"column":8},"end":{"line":174,"column":9}},"72":{"start":{"line":156,"column":10},"end":{"line":157,"column":10}},"73":{"start":{"line":157,"column":10},"end":{"line":157,"column":19}},"74":{"start":{"line":158,"column":10},"end":{"line":158,"column":47}},"75":{"start":{"line":159,"column":10},"end":{"line":172,"column":13}},"76":{"start":{"line":160,"column":12},"end":{"line":171,"column":15}},"77":{"start":{"line":161,"column":16},"end":{"line":170,"column":19}},"78":{"start":{"line":162,"column":18},"end":{"line":162,"column":68}},"79":{"start":{"line":163,"column":18},"end":{"line":169,"column":21}},"80":{"start":{"line":164,"column":20},"end":{"line":168,"column":23}},"81":{"start":{"line":165,"column":22},"end":{"line":167,"column":25}},"82":{"start":{"line":166,"column":24},"end":{"line":167,"column":22}},"83":{"start":{"line":173,"column":10},"end":{"line":173,"column":16}},"84":{"start":{"line":177,"column":4},"end":{"line":180,"column":5}},"85":{"start":{"line":178,"column":6},"end":{"line":178,"column":73}},"86":{"start":{"line":179,"column":6},"end":{"line":180,"column":4}},"87":{"start":{"line":182,"column":4},"end":{"line":182,"column":16}},"88":{"start":{"line":183,"column":4},"end":{"line":184,"column":2}},"89":{"start":{"line":187,"column":0},"end":{"line":211,"column":0}},"90":{"start":{"line":188,"column":2},"end":{"line":188,"column":36}},"91":{"start":{"line":190,"column":2},"end":{"line":192,"column":3}},"92":{"start":{"line":191,"column":4},"end":{"line":191,"column":30}},"93":{"start":{"line":194,"column":2},"end":{"line":206,"column":5}},"94":{"start":{"line":195,"column":4},"end":{"line":201,"column":5}},"95":{"start":{"line":196,"column":6},"end":{"line":200,"column":6}},"96":{"start":{"line":200,"column":6},"end":{"line":200,"column":46}},"97":{"start":{"line":202,"column":4},"end":{"line":205,"column":5}},"98":{"start":{"line":203,"column":6},"end":{"line":204,"column":6}},"99":{"start":{"line":204,"column":6},"end":{"line":205,"column":4}},"100":{"start":{"line":211,"column":0},"end":{"line":211,"column":33}},"101":{"start":{"line":212,"column":0},"end":{"line":212,"column":33}},"102":{"start":{"line":213,"column":0},"end":{"line":213,"column":33}},"103":{"start":{"line":215,"column":0},"end":{"line":215,"column":28}},"104":{"start":{"line":216,"column":0},"end":{"line":216,"column":34}},"105":{"start":{"line":217,"column":0},"end":{"line":217,"column":35}},"106":{"start":{"line":218,"column":0},"end":{"line":218,"column":30}},"107":{"start":{"line":219,"column":0},"end":{"line":219,"column":31}}},"branchMap":{"1":{"line":23,"type":"if","locations":[{"start":{"line":23,"column":2},"end":{"line":23,"column":2}},{"start":{"line":23,"column":2},"end":{"line":23,"column":2}}]},"2":{"line":23,"type":"binary-expr","locations":[{"start":{"line":23,"column":5},"end":{"line":23,"column":15}},{"start":{"line":24,"column":5},"end":{"line":24,"column":24}}]},"3":{"line":62,"type":"if","locations":[{"start":{"line":62,"column":2},"end":{"line":62,"column":2}},{"start":{"line":62,"column":2},"end":{"line":62,"column":2}}]},"4":{"line":62,"type":"binary-expr","locations":[{"start":{"line":62,"column":5},"end":{"line":62,"column":15}},{"start":{"line":63,"column":5},"end":{"line":63,"column":13}}]},"5":{"line":73,"type":"if","locations":[{"start":{"line":73,"column":4},"end":{"line":73,"column":4}},{"start":{"line":73,"column":4},"end":{"line":73,"column":4}}]},"6":{"line":87,"type":"if","locations":[{"start":{"line":87,"column":2},"end":{"line":87,"column":2}},{"start":{"line":87,"column":2},"end":{"line":87,"column":2}}]},"7":{"line":89,"type":"if","locations":[{"start":{"line":89,"column":4},"end":{"line":89,"column":4}},{"start":{"line":89,"column":4},"end":{"line":89,"column":4}}]},"8":{"line":93,"type":"if","locations":[{"start":{"line":93,"column":4},"end":{"line":93,"column":4}},{"start":{"line":93,"column":4},"end":{"line":93,"column":4}}]},"9":{"line":97,"type":"if","locations":[{"start":{"line":97,"column":6},"end":{"line":97,"column":6}},{"start":{"line":97,"column":6},"end":{"line":97,"column":6}}]},"10":{"line":101,"type":"if","locations":[{"start":{"line":101,"column":10},"end":{"line":101,"column":10}},{"start":{"line":101,"column":10},"end":{"line":101,"column":10}}]},"11":{"line":101,"type":"binary-expr","locations":[{"start":{"line":101,"column":13},"end":{"line":101,"column":32}},{"start":{"line":102,"column":11},"end":{"line":102,"column":41}},{"start":{"line":103,"column":13},"end":{"line":103,"column":25}}]},"12":{"line":104,"type":"if","locations":[{"start":{"line":104,"column":12},"end":{"line":104,"column":12}},{"start":{"line":104,"column":12},"end":{"line":104,"column":12}}]},"13":{"line":125,"type":"if","locations":[{"start":{"line":125,"column":2},"end":{"line":125,"column":2}},{"start":{"line":125,"column":2},"end":{"line":125,"column":2}}]},"14":{"line":125,"type":"binary-expr","locations":[{"start":{"line":125,"column":5},"end":{"line":125,"column":15}},{"start":{"line":126,"column":5},"end":{"line":126,"column":27}}]},"15":{"line":134,"type":"if","locations":[{"start":{"line":134,"column":6},"end":{"line":134,"column":6}},{"start":{"line":134,"column":6},"end":{"line":134,"column":6}}]},"16":{"line":140,"type":"if","locations":[{"start":{"line":140,"column":10},"end":{"line":140,"column":10}},{"start":{"line":140,"column":10},"end":{"line":140,"column":10}}]},"17":{"line":140,"type":"binary-expr","locations":[{"start":{"line":140,"column":13},"end":{"line":140,"column":30}},{"start":{"line":141,"column":13},"end":{"line":141,"column":23}},{"start":{"line":142,"column":13},"end":{"line":142,"column":25}}]},"18":{"line":146,"type":"if","locations":[{"start":{"line":146,"column":12},"end":{"line":146,"column":12}},{"start":{"line":146,"column":12},"end":{"line":146,"column":12}}]},"19":{"line":150,"type":"binary-expr","locations":[{"start":{"line":150,"column":21},"end":{"line":150,"column":25}},{"start":{"line":150,"column":29},"end":{"line":150,"column":68}}]},"20":{"line":155,"type":"if","locations":[{"start":{"line":155,"column":8},"end":{"line":155,"column":8}},{"start":{"line":155,"column":8},"end":{"line":155,"column":8}}]},"21":{"line":177,"type":"if","locations":[{"start":{"line":177,"column":4},"end":{"line":177,"column":4}},{"start":{"line":177,"column":4},"end":{"line":177,"column":4}}]},"22":{"line":190,"type":"if","locations":[{"start":{"line":190,"column":2},"end":{"line":190,"column":2}},{"start":{"line":190,"column":2},"end":{"line":190,"column":2}}]},"23":{"line":195,"type":"if","locations":[{"start":{"line":195,"column":4},"end":{"line":195,"column":4}},{"start":{"line":195,"column":4},"end":{"line":195,"column":4}}]},"24":{"line":202,"type":"if","locations":[{"start":{"line":202,"column":4},"end":{"line":202,"column":4}},{"start":{"line":202,"column":4},"end":{"line":202,"column":4}}]}}},"/home/wact/ssmp/lib/store.js":{"path":"/home/wact/ssmp/lib/store.js","s":{"1":1,"2":1,"3":0,"4":0,"5":0,"6":0,"7":0,"8":0,"9":0,"10":0,"11":0,"12":0,"13":0,"14":0,"15":0,"16":0,"17":0,"18":0,"19":0,"20":0,"21":0,"22":0,"23":1,"24":1,"25":0,"26":0,"27":0,"28":0,"29":0,"30":0,"31":0,"32":0,"33":0,"34":0,"35":0,"36":0,"37":0,"38":0,"39":0,"40":0,"41":0,"42":0,"43":0,"44":0,"45":0,"46":1},"b":{"1":[0,0],"2":[0,0],"3":[0,0],"4":[0,0],"5":[0,0],"6":[0,0],"7":[0,0],"8":[0,0],"9":[0,0],"10":[0,0],"11":[0,0,0,0,0,0],"12":[0,0],"13":[0,0],"14":[0,0],"15":[0,0],"16":[0,0],"17":[0,0],"18":[0,0],"19":[0,0]},"f":{"1":0,"2":0,"3":0,"4":0,"5":0,"6":0,"7":0,"8":0},"fnMap":{"1":{"name":"(anonymous_1)","line":9,"loc":{"start":{"line":9,"column":14},"end":{"line":9,"column":46}}},"2":{"name":"(anonymous_2)","line":30,"loc":{"start":{"line":30,"column":66},"end":{"line":30,"column":76}}},"3":{"name":"(anonymous_3)","line":44,"loc":{"start":{"line":44,"column":59},"end":{"line":44,"column":69}}},"4":{"name":"(anonymous_4)","line":56,"loc":{"start":{"line":56,"column":14},"end":{"line":56,"column":42}}},"5":{"name":"(anonymous_5)","line":73,"loc":{"start":{"line":73,"column":20},"end":{"line":73,"column":32}}},"6":{"name":"(anonymous_6)","line":74,"loc":{"start":{"line":74,"column":15},"end":{"line":74,"column":35}}},"7":{"name":"(anonymous_7)","line":80,"loc":{"start":{"line":80,"column":36},"end":{"line":80,"column":49}}},"8":{"name":"(anonymous_8)","line":82,"loc":{"start":{"line":82,"column":30},"end":{"line":82,"column":49}}}},"statementMap":{"1":{"start":{"line":1,"column":0},"end":{"line":6,"column":58}},"2":{"start":{"line":9,"column":0},"end":{"line":53,"column":2}},"3":{"start":{"line":11,"column":2},"end":{"line":11,"column":11}},"4":{"start":{"line":13,"column":2},"end":{"line":17,"column":3}},"5":{"start":{"line":14,"column":4},"end":{"line":15,"column":2}},"6":{"start":{"line":16,"column":4},"end":{"line":16,"column":14}},"7":{"start":{"line":18,"column":2},"end":{"line":52,"column":3}},"8":{"start":{"line":21,"column":4},"end":{"line":23,"column":5}},"9":{"start":{"line":22,"column":6},"end":{"line":23,"column":4}},"10":{"start":{"line":26,"column":4},"end":{"line":37,"column":5}},"11":{"start":{"line":27,"column":6},"end":{"line":27,"column":35}},"12":{"start":{"line":28,"column":6},"end":{"line":36,"column":7}},"13":{"start":{"line":29,"column":8},"end":{"line":33,"column":9}},"14":{"start":{"line":30,"column":10},"end":{"line":32,"column":13}},"15":{"start":{"line":31,"column":12},"end":{"line":31,"column":60}},"16":{"start":{"line":35,"column":8},"end":{"line":36,"column":6}},"17":{"start":{"line":40,"column":4},"end":{"line":42,"column":5}},"18":{"start":{"line":43,"column":4},"end":{"line":49,"column":5}},"19":{"start":{"line":44,"column":6},"end":{"line":49,"column":4}},"20":{"start":{"line":45,"column":8},"end":{"line":47,"column":9}},"21":{"start":{"line":46,"column":10},"end":{"line":46,"column":19}},"22":{"start":{"line":51,"column":4},"end":{"line":52,"column":2}},"23":{"start":{"line":54,"column":0},"end":{"line":54,"column":26}},"24":{"start":{"line":56,"column":0},"end":{"line":101,"column":2}},"25":{"start":{"line":58,"column":2},"end":{"line":100,"column":3}},"26":{"start":{"line":65,"column":4},"end":{"line":69,"column":28}},"27":{"start":{"line":71,"column":4},"end":{"line":99,"column":5}},"28":{"start":{"line":72,"column":6},"end":{"line":72,"column":21}},"29":{"start":{"line":73,"column":6},"end":{"line":98,"column":16}},"30":{"start":{"line":74,"column":8},"end":{"line":98,"column":10}},"31":{"start":{"line":75,"column":8},"end":{"line":77,"column":9}},"32":{"start":{"line":76,"column":10},"end":{"line":76,"column":73}},"33":{"start":{"line":78,"column":8},"end":{"line":97,"column":9}},"34":{"start":{"line":79,"column":10},"end":{"line":79,"column":57}},"35":{"start":{"line":80,"column":10},"end":{"line":96,"column":13}},"36":{"start":{"line":81,"column":12},"end":{"line":81,"column":64}},"37":{"start":{"line":82,"column":12},"end":{"line":95,"column":15}},"38":{"start":{"line":83,"column":14},"end":{"line":88,"column":15}},"39":{"start":{"line":84,"column":16},"end":{"line":84,"column":82}},"40":{"start":{"line":85,"column":16},"end":{"line":87,"column":17}},"41":{"start":{"line":86,"column":18},"end":{"line":86,"column":30}},"42":{"start":{"line":89,"column":14},"end":{"line":94,"column":15}},"43":{"start":{"line":90,"column":16},"end":{"line":90,"column":57}},"44":{"start":{"line":91,"column":16},"end":{"line":93,"column":17}},"45":{"start":{"line":92,"column":18},"end":{"line":92,"column":27}},"46":{"start":{"line":102,"column":0},"end":{"line":102,"column":26}}},"branchMap":{"1":{"line":13,"type":"if","locations":[{"start":{"line":13,"column":2},"end":{"line":13,"column":2}},{"start":{"line":13,"column":2},"end":{"line":13,"column":2}}]},"2":{"line":18,"type":"if","locations":[{"start":{"line":18,"column":2},"end":{"line":18,"column":2}},{"start":{"line":18,"column":2},"end":{"line":18,"column":2}}]},"3":{"line":21,"type":"if","locations":[{"start":{"line":21,"column":4},"end":{"line":21,"column":4}},{"start":{"line":21,"column":4},"end":{"line":21,"column":4}}]},"4":{"line":26,"type":"if","locations":[{"start":{"line":26,"column":4},"end":{"line":26,"column":4}},{"start":{"line":26,"column":4},"end":{"line":26,"column":4}}]},"5":{"line":28,"type":"if","locations":[{"start":{"line":28,"column":6},"end":{"line":28,"column":6}},{"start":{"line":28,"column":6},"end":{"line":28,"column":6}}]},"6":{"line":40,"type":"if","locations":[{"start":{"line":40,"column":4},"end":{"line":40,"column":4}},{"start":{"line":40,"column":4},"end":{"line":40,"column":4}}]},"7":{"line":40,"type":"binary-expr","locations":[{"start":{"line":40,"column":7},"end":{"line":40,"column":19}},{"start":{"line":40,"column":24},"end":{"line":40,"column":40}}]},"8":{"line":43,"type":"if","locations":[{"start":{"line":43,"column":4},"end":{"line":43,"column":4}},{"start":{"line":43,"column":4},"end":{"line":43,"column":4}}]},"9":{"line":45,"type":"if","locations":[{"start":{"line":45,"column":8},"end":{"line":45,"column":8}},{"start":{"line":45,"column":8},"end":{"line":45,"column":8}}]},"10":{"line":58,"type":"if","locations":[{"start":{"line":58,"column":2},"end":{"line":58,"column":2}},{"start":{"line":58,"column":2},"end":{"line":58,"column":2}}]},"11":{"line":58,"type":"binary-expr","locations":[{"start":{"line":58,"column":5},"end":{"line":58,"column":16}},{"start":{"line":59,"column":5},"end":{"line":59,"column":27}},{"start":{"line":60,"column":5},"end":{"line":60,"column":27}},{"start":{"line":61,"column":5},"end":{"line":61,"column":12}},{"start":{"line":62,"column":5},"end":{"line":62,"column":27}},{"start":{"line":63,"column":5},"end":{"line":63,"column":17}}]},"12":{"line":75,"type":"if","locations":[{"start":{"line":75,"column":8},"end":{"line":75,"column":8}},{"start":{"line":75,"column":8},"end":{"line":75,"column":8}}]},"13":{"line":78,"type":"if","locations":[{"start":{"line":78,"column":8},"end":{"line":78,"column":8}},{"start":{"line":78,"column":8},"end":{"line":78,"column":8}}]},"14":{"line":83,"type":"if","locations":[{"start":{"line":83,"column":14},"end":{"line":83,"column":14}},{"start":{"line":83,"column":14},"end":{"line":83,"column":14}}]},"15":{"line":85,"type":"if","locations":[{"start":{"line":85,"column":16},"end":{"line":85,"column":16}},{"start":{"line":85,"column":16},"end":{"line":85,"column":16}}]},"16":{"line":85,"type":"binary-expr","locations":[{"start":{"line":85,"column":19},"end":{"line":85,"column":32}},{"start":{"line":85,"column":36},"end":{"line":85,"column":52}}]},"17":{"line":89,"type":"if","locations":[{"start":{"line":89,"column":14},"end":{"line":89,"column":14}},{"start":{"line":89,"column":14},"end":{"line":89,"column":14}}]},"18":{"line":91,"type":"if","locations":[{"start":{"line":91,"column":16},"end":{"line":91,"column":16}},{"start":{"line":91,"column":16},"end":{"line":91,"column":16}}]},"19":{"line":91,"type":"binary-expr","locations":[{"start":{"line":91,"column":19},"end":{"line":91,"column":32}},{"start":{"line":91,"column":36},"end":{"line":91,"column":52}}]}}},"/home/wact/ssmp/lib/datatodoc.js":{"path":"/home/wact/ssmp/lib/datatodoc.js","s":{"1":1,"2":1,"3":0,"4":0,"5":0,"6":0,"7":0,"8":0,"9":0,"10":0,"11":0,"12":0,"13":0,"14":0,"15":0,"16":0,"17":0,"18":0,"19":0,"20":0,"21":0,"22":0,"23":0,"24":0,"25":0,"26":0,"27":0,"28":0,"29":0,"30":0,"31":0,"32":0},"b":{"1":[0,0],"2":[0,0,0],"3":[0,0],"4":[0,0],"5":[0,0],"6":[0,0],"7":[0,0],"8":[0,0],"9":[0,0],"10":[0,0]},"f":{"1":0},"fnMap":{"1":{"name":"(anonymous_1)","line":6,"loc":{"start":{"line":6,"column":17},"end":{"line":6,"column":49}}}},"statementMap":{"1":{"start":{"line":1,"column":0},"end":{"line":3,"column":36}},"2":{"start":{"line":6,"column":0},"end":{"line":72,"column":2}},"3":{"start":{"line":7,"column":2},"end":{"line":7,"column":26}},"4":{"start":{"line":9,"column":2},"end":{"line":68,"column":3}},"5":{"start":{"line":11,"column":4},"end":{"line":14,"column":17}},"6":{"start":{"line":17,"column":4},"end":{"line":67,"column":5}},"7":{"start":{"line":21,"column":6},"end":{"line":23,"column":7}},"8":{"start":{"line":22,"column":8},"end":{"line":23,"column":6}},"9":{"start":{"line":25,"column":6},"end":{"line":36,"column":7}},"10":{"start":{"line":26,"column":8},"end":{"line":30,"column":9}},"11":{"start":{"line":27,"column":10},"end":{"line":29,"column":11}},"12":{"start":{"line":28,"column":12},"end":{"line":28,"column":20}},"13":{"start":{"line":31,"column":8},"end":{"line":33,"column":9}},"14":{"start":{"line":32,"column":10},"end":{"line":32,"column":18}},"15":{"start":{"line":35,"column":8},"end":{"line":35,"column":16}},"16":{"start":{"line":38,"column":6},"end":{"line":40,"column":6}},"17":{"start":{"line":40,"column":6},"end":{"line":40,"column":57}},"18":{"start":{"line":42,"column":6},"end":{"line":42,"column":57}},"19":{"start":{"line":44,"column":6},"end":{"line":45,"column":6}},"20":{"start":{"line":45,"column":6},"end":{"line":49,"column":7}},"21":{"start":{"line":46,"column":8},"end":{"line":46,"column":26}},"22":{"start":{"line":48,"column":8},"end":{"line":49,"column":6}},"23":{"start":{"line":50,"column":6},"end":{"line":50,"column":65}},"24":{"start":{"line":53,"column":6},"end":{"line":60,"column":7}},"25":{"start":{"line":54,"column":8},"end":{"line":55,"column":8}},"26":{"start":{"line":55,"column":8},"end":{"line":57,"column":9}},"27":{"start":{"line":56,"column":10},"end":{"line":57,"column":8}},"28":{"start":{"line":59,"column":8},"end":{"line":59,"column":71}},"29":{"start":{"line":63,"column":6},"end":{"line":66,"column":7}},"30":{"start":{"line":65,"column":8},"end":{"line":65,"column":47}},"31":{"start":{"line":69,"column":2},"end":{"line":71,"column":3}},"32":{"start":{"line":70,"column":4},"end":{"line":70,"column":21}}},"branchMap":{"1":{"line":17,"type":"if","locations":[{"start":{"line":17,"column":4},"end":{"line":17,"column":4}},{"start":{"line":17,"column":4},"end":{"line":17,"column":4}}]},"2":{"line":17,"type":"binary-expr","locations":[{"start":{"line":17,"column":7},"end":{"line":17,"column":16}},{"start":{"line":18,"column":7},"end":{"line":18,"column":17}},{"start":{"line":19,"column":7},"end":{"line":19,"column":16}}]},"3":{"line":21,"type":"if","locations":[{"start":{"line":21,"column":6},"end":{"line":21,"column":6}},{"start":{"line":21,"column":6},"end":{"line":21,"column":6}}]},"4":{"line":25,"type":"if","locations":[{"start":{"line":25,"column":6},"end":{"line":25,"column":6}},{"start":{"line":25,"column":6},"end":{"line":25,"column":6}}]},"5":{"line":27,"type":"if","locations":[{"start":{"line":27,"column":10},"end":{"line":27,"column":10}},{"start":{"line":27,"column":10},"end":{"line":27,"column":10}}]},"6":{"line":31,"type":"if","locations":[{"start":{"line":31,"column":8},"end":{"line":31,"column":8}},{"start":{"line":31,"column":8},"end":{"line":31,"column":8}}]},"7":{"line":45,"type":"if","locations":[{"start":{"line":45,"column":6},"end":{"line":45,"column":6}},{"start":{"line":45,"column":6},"end":{"line":45,"column":6}}]},"8":{"line":53,"type":"if","locations":[{"start":{"line":53,"column":6},"end":{"line":53,"column":6}},{"start":{"line":53,"column":6},"end":{"line":53,"column":6}}]},"9":{"line":55,"type":"if","locations":[{"start":{"line":55,"column":8},"end":{"line":55,"column":8}},{"start":{"line":55,"column":8},"end":{"line":55,"column":8}}]},"10":{"line":69,"type":"if","locations":[{"start":{"line":69,"column":2},"end":{"line":69,"column":2}},{"start":{"line":69,"column":2},"end":{"line":69,"column":2}}]}}},"/home/wact/ssmp/lib/compare.js":{"path":"/home/wact/ssmp/lib/compare.js","s":{"1":1,"2":0,"3":1,"4":0,"5":1,"6":0},"b":{},"f":{"1":0,"2":0,"3":0},"fnMap":{"1":{"name":"(anonymous_1)","line":1,"loc":{"start":{"line":1,"column":13},"end":{"line":1,"column":26}}},"2":{"name":"(anonymous_2)","line":5,"loc":{"start":{"line":5,"column":13},"end":{"line":5,"column":26}}},"3":{"name":"(anonymous_3)","line":9,"loc":{"start":{"line":9,"column":13},"end":{"line":9,"column":26}}}},"statementMap":{"1":{"start":{"line":1,"column":0},"end":{"line":5,"column":0}},"2":{"start":{"line":2,"column":2},"end":{"line":2,"column":17}},"3":{"start":{"line":5,"column":0},"end":{"line":9,"column":0}},"4":{"start":{"line":6,"column":2},"end":{"line":6,"column":39}},"5":{"start":{"line":9,"column":0},"end":{"line":12,"column":0}},"6":{"start":{"line":10,"column":2},"end":{"line":10,"column":39}}},"branchMap":{}},"/home/wact/ssmp/lib/ini_mp.js":{"path":"/home/wact/ssmp/lib/ini_mp.js","s":{"1":1,"2":1,"3":1,"4":1,"5":1,"6":1,"7":1,"8":1,"9":1,"10":1,"11":1,"12":1,"13":0,"14":1,"15":1,"16":1,"17":1,"18":0,"19":0,"20":1,"21":1,"22":1,"23":1,"24":1,"25":1,"26":1,"27":1,"28":2,"29":2,"30":2,"31":2,"32":1,"33":1,"34":2,"35":2,"36":2,"37":2,"38":2,"39":2,"40":2,"41":2,"42":2,"43":2,"44":2,"45":2,"46":2,"47":1,"48":1,"49":1,"50":1,"51":1,"52":1,"53":1,"54":1,"55":1,"56":1,"57":1,"58":1,"59":1,"60":1,"61":1,"62":1,"63":1,"64":1,"65":1},"b":{"1":[1,0],"2":[1,1],"3":[1,0],"4":[0,1],"5":[1,0],"6":[0,1],"7":[1,1],"8":[2,1],"9":[2,0]},"f":{"1":1,"2":1,"3":1,"4":1,"5":2,"6":2,"7":2,"8":2,"9":2,"10":2,"11":2,"12":2,"13":2,"14":1},"fnMap":{"1":{"name":"(anonymous_1)","line":16,"loc":{"start":{"line":16,"column":13},"end":{"line":16,"column":35}}},"2":{"name":"(anonymous_2)","line":30,"loc":{"start":{"line":30,"column":24},"end":{"line":30,"column":44}}},"3":{"name":"(anonymous_3)","line":48,"loc":{"start":{"line":48,"column":14},"end":{"line":48,"column":37}}},"4":{"name":"(anonymous_4)","line":58,"loc":{"start":{"line":58,"column":21},"end":{"line":58,"column":31}}},"5":{"name":"(anonymous_5)","line":60,"loc":{"start":{"line":60,"column":36},"end":{"line":60,"column":46}}},"6":{"name":"(anonymous_6)","line":61,"loc":{"start":{"line":61,"column":31},"end":{"line":61,"column":41}}},"7":{"name":"(anonymous_7)","line":62,"loc":{"start":{"line":62,"column":39},"end":{"line":62,"column":49}}},"8":{"name":"(anonymous_8)","line":73,"loc":{"start":{"line":73,"column":21},"end":{"line":73,"column":53}}},"9":{"name":"(anonymous_9)","line":75,"loc":{"start":{"line":75,"column":46},"end":{"line":75,"column":56}}},"10":{"name":"(anonymous_10)","line":77,"loc":{"start":{"line":77,"column":44},"end":{"line":77,"column":54}}},"11":{"name":"(anonymous_11)","line":79,"loc":{"start":{"line":79,"column":56},"end":{"line":79,"column":66}}},"12":{"name":"(anonymous_12)","line":81,"loc":{"start":{"line":81,"column":60},"end":{"line":81,"column":70}}},"13":{"name":"(anonymous_13)","line":83,"loc":{"start":{"line":83,"column":72},"end":{"line":83,"column":82}}},"14":{"name":"(anonymous_14)","line":95,"loc":{"start":{"line":95,"column":16},"end":{"line":95,"column":37}}}},"statementMap":{"1":{"start":{"line":1,"column":0},"end":{"line":8,"column":29}},"2":{"start":{"line":16,"column":0},"end":{"line":45,"column":2}},"3":{"start":{"line":17,"column":2},"end":{"line":18,"column":23}},"4":{"start":{"line":20,"column":2},"end":{"line":20,"column":16}},"5":{"start":{"line":21,"column":2},"end":{"line":21,"column":21}},"6":{"start":{"line":22,"column":2},"end":{"line":22,"column":28}},"7":{"start":{"line":24,"column":2},"end":{"line":24,"column":41}},"8":{"start":{"line":26,"column":2},"end":{"line":39,"column":3}},"9":{"start":{"line":27,"column":4},"end":{"line":29,"column":5}},"10":{"start":{"line":28,"column":6},"end":{"line":29,"column":4}},"11":{"start":{"line":30,"column":4},"end":{"line":38,"column":7}},"12":{"start":{"line":31,"column":6},"end":{"line":33,"column":7}},"13":{"start":{"line":32,"column":8},"end":{"line":32,"column":65}},"14":{"start":{"line":34,"column":6},"end":{"line":37,"column":7}},"15":{"start":{"line":35,"column":8},"end":{"line":35,"column":47}},"16":{"start":{"line":36,"column":8},"end":{"line":36,"column":29}},"17":{"start":{"line":41,"column":2},"end":{"line":44,"column":3}},"18":{"start":{"line":42,"column":4},"end":{"line":43,"column":4}},"19":{"start":{"line":43,"column":4},"end":{"line":43,"column":24}},"20":{"start":{"line":48,"column":0},"end":{"line":71,"column":2}},"21":{"start":{"line":49,"column":2},"end":{"line":51,"column":23}},"22":{"start":{"line":53,"column":2},"end":{"line":53,"column":30}},"23":{"start":{"line":54,"column":2},"end":{"line":54,"column":29}},"24":{"start":{"line":55,"column":2},"end":{"line":55,"column":32}},"25":{"start":{"line":56,"column":2},"end":{"line":56,"column":28}},"26":{"start":{"line":58,"column":2},"end":{"line":70,"column":5}},"27":{"start":{"line":59,"column":4},"end":{"line":69,"column":5}},"28":{"start":{"line":60,"column":6},"end":{"line":68,"column":9}},"29":{"start":{"line":61,"column":8},"end":{"line":67,"column":11}},"30":{"start":{"line":62,"column":10},"end":{"line":66,"column":13}},"31":{"start":{"line":63,"column":12},"end":{"line":65,"column":13}},"32":{"start":{"line":64,"column":14},"end":{"line":64,"column":28}},"33":{"start":{"line":73,"column":0},"end":{"line":93,"column":2}},"34":{"start":{"line":74,"column":2},"end":{"line":74,"column":56}},"35":{"start":{"line":75,"column":2},"end":{"line":92,"column":5}},"36":{"start":{"line":76,"column":4},"end":{"line":76,"column":60}},"37":{"start":{"line":77,"column":4},"end":{"line":91,"column":7}},"38":{"start":{"line":78,"column":6},"end":{"line":78,"column":60}},"39":{"start":{"line":79,"column":6},"end":{"line":90,"column":9}},"40":{"start":{"line":80,"column":8},"end":{"line":80,"column":63}},"41":{"start":{"line":81,"column":8},"end":{"line":89,"column":11}},"42":{"start":{"line":82,"column":10},"end":{"line":82,"column":70}},"43":{"start":{"line":83,"column":10},"end":{"line":88,"column":13}},"44":{"start":{"line":84,"column":12},"end":{"line":84,"column":82}},"45":{"start":{"line":85,"column":14},"end":{"line":87,"column":15}},"46":{"start":{"line":86,"column":16},"end":{"line":86,"column":21}},"47":{"start":{"line":95,"column":0},"end":{"line":116,"column":2}},"48":{"start":{"line":96,"column":2},"end":{"line":96,"column":37}},"49":{"start":{"line":97,"column":2},"end":{"line":97,"column":44}},"50":{"start":{"line":98,"column":2},"end":{"line":98,"column":41}},"51":{"start":{"line":99,"column":2},"end":{"line":99,"column":40}},"52":{"start":{"line":100,"column":2},"end":{"line":100,"column":38}},"53":{"start":{"line":102,"column":2},"end":{"line":102,"column":31}},"54":{"start":{"line":103,"column":2},"end":{"line":103,"column":30}},"55":{"start":{"line":105,"column":2},"end":{"line":105,"column":31}},"56":{"start":{"line":106,"column":2},"end":{"line":106,"column":31}},"57":{"start":{"line":107,"column":2},"end":{"line":107,"column":31}},"58":{"start":{"line":108,"column":2},"end":{"line":108,"column":31}},"59":{"start":{"line":109,"column":2},"end":{"line":109,"column":31}},"60":{"start":{"line":110,"column":2},"end":{"line":110,"column":31}},"61":{"start":{"line":111,"column":2},"end":{"line":111,"column":31}},"62":{"start":{"line":112,"column":2},"end":{"line":112,"column":31}},"63":{"start":{"line":114,"column":2},"end":{"line":114,"column":39}},"64":{"start":{"line":115,"column":2},"end":{"line":115,"column":7}},"65":{"start":{"line":117,"column":0},"end":{"line":117,"column":24}}},"branchMap":{"1":{"line":26,"type":"if","locations":[{"start":{"line":26,"column":2},"end":{"line":26,"column":2}},{"start":{"line":26,"column":2},"end":{"line":26,"column":2}}]},"2":{"line":26,"type":"binary-expr","locations":[{"start":{"line":26,"column":5},"end":{"line":26,"column":27}},{"start":{"line":26,"column":31},"end":{"line":26,"column":50}}]},"3":{"line":27,"type":"if","locations":[{"start":{"line":27,"column":4},"end":{"line":27,"column":4}},{"start":{"line":27,"column":4},"end":{"line":27,"column":4}}]},"4":{"line":31,"type":"if","locations":[{"start":{"line":31,"column":6},"end":{"line":31,"column":6}},{"start":{"line":31,"column":6},"end":{"line":31,"column":6}}]},"5":{"line":34,"type":"if","locations":[{"start":{"line":34,"column":6},"end":{"line":34,"column":6}},{"start":{"line":34,"column":6},"end":{"line":34,"column":6}}]},"6":{"line":41,"type":"if","locations":[{"start":{"line":41,"column":2},"end":{"line":41,"column":2}},{"start":{"line":41,"column":2},"end":{"line":41,"column":2}}]},"7":{"line":63,"type":"if","locations":[{"start":{"line":63,"column":12},"end":{"line":63,"column":12}},{"start":{"line":63,"column":12},"end":{"line":63,"column":12}}]},"8":{"line":63,"type":"binary-expr","locations":[{"start":{"line":63,"column":16},"end":{"line":63,"column":27}},{"start":{"line":63,"column":31},"end":{"line":63,"column":47}}]},"9":{"line":85,"type":"if","locations":[{"start":{"line":85,"column":14},"end":{"line":85,"column":14}},{"start":{"line":85,"column":14},"end":{"line":85,"column":14}}]}}},"/home/wact/ssmp/lib/load.js":{"path":"/home/wact/ssmp/lib/load.js","s":{"1":1,"2":1,"3":0,"4":0,"5":0,"6":0,"7":0,"8":0,"9":0,"10":0,"11":0,"12":0,"13":0,"14":0,"15":0,"16":0,"17":0,"18":0,"19":0,"20":0,"21":0,"22":0,"23":0,"24":0,"25":0,"26":0,"27":0,"28":0,"29":0,"30":0,"31":0,"32":0,"33":0,"34":0,"35":0,"36":0,"37":0,"38":0,"39":0,"40":1,"41":0,"42":0,"43":0,"44":0,"45":0,"46":0,"47":0,"48":0,"49":0,"50":0,"51":0,"52":0,"53":0,"54":0,"55":0},"b":{"1":[0,0],"2":[0,0],"3":[0,0],"4":[0,0],"5":[0,0],"6":[0,0],"7":[0,0],"8":[0,0]},"f":{"1":0,"2":0,"3":0,"4":0,"5":0,"6":0,"7":0,"8":0,"9":0,"10":0,"11":0,"12":0,"13":0},"fnMap":{"1":{"name":"(anonymous_1)","line":41,"loc":{"start":{"line":41,"column":17},"end":{"line":41,"column":35}}},"2":{"name":"(anonymous_2)","line":49,"loc":{"start":{"line":49,"column":37},"end":{"line":49,"column":47}}},"3":{"name":"(anonymous_3)","line":80,"loc":{"start":{"line":80,"column":47},"end":{"line":80,"column":57}}},"4":{"name":"(anonymous_4)","line":81,"loc":{"start":{"line":81,"column":44},"end":{"line":81,"column":54}}},"5":{"name":"(anonymous_5)","line":95,"loc":{"start":{"line":95,"column":44},"end":{"line":95,"column":54}}},"6":{"name":"(anonymous_6)","line":96,"loc":{"start":{"line":96,"column":41},"end":{"line":96,"column":51}}},"7":{"name":"(anonymous_7)","line":107,"loc":{"start":{"line":107,"column":42},"end":{"line":107,"column":52}}},"8":{"name":"(anonymous_8)","line":108,"loc":{"start":{"line":108,"column":39},"end":{"line":108,"column":49}}},"9":{"name":"(anonymous_9)","line":117,"loc":{"start":{"line":117,"column":16},"end":{"line":117,"column":34}}},"10":{"name":"(anonymous_10)","line":127,"loc":{"start":{"line":127,"column":28},"end":{"line":127,"column":47}}},"11":{"name":"(anonymous_11)","line":133,"loc":{"start":{"line":133,"column":34},"end":{"line":133,"column":44}}},"12":{"name":"(anonymous_12)","line":134,"loc":{"start":{"line":134,"column":43},"end":{"line":134,"column":53}}},"13":{"name":"(anonymous_13)","line":140,"loc":{"start":{"line":140,"column":45},"end":{"line":140,"column":55}}}},"statementMap":{"1":{"start":{"line":1,"column":0},"end":{"line":7,"column":29}},"2":{"start":{"line":41,"column":0},"end":{"line":115,"column":2}},"3":{"start":{"line":43,"column":2},"end":{"line":45,"column":30}},"4":{"start":{"line":47,"column":2},"end":{"line":114,"column":3}},"5":{"start":{"line":49,"column":4},"end":{"line":113,"column":7}},"6":{"start":{"line":50,"column":6},"end":{"line":54,"column":39}},"7":{"start":{"line":56,"column":6},"end":{"line":56,"column":39}},"8":{"start":{"line":58,"column":6},"end":{"line":60,"column":7}},"9":{"start":{"line":59,"column":8},"end":{"line":59,"column":43}},"10":{"start":{"line":62,"column":6},"end":{"line":112,"column":7}},"11":{"start":{"line":63,"column":8},"end":{"line":100,"column":9}},"12":{"start":{"line":64,"column":10},"end":{"line":85,"column":11}},"13":{"start":{"line":65,"column":12},"end":{"line":65,"column":67}},"14":{"start":{"line":66,"column":12},"end":{"line":71,"column":13}},"15":{"start":{"line":67,"column":14},"end":{"line":67,"column":40}},"16":{"start":{"line":69,"column":14},"end":{"line":69,"column":48}},"17":{"start":{"line":70,"column":14},"end":{"line":70,"column":42}},"18":{"start":{"line":73,"column":12},"end":{"line":73,"column":42}},"19":{"start":{"line":74,"column":12},"end":{"line":74,"column":38}},"20":{"start":{"line":75,"column":12},"end":{"line":75,"column":41}},"21":{"start":{"line":76,"column":12},"end":{"line":76,"column":78}},"22":{"start":{"line":78,"column":12},"end":{"line":80,"column":12}},"23":{"start":{"line":80,"column":12},"end":{"line":84,"column":15}},"24":{"start":{"line":81,"column":14},"end":{"line":83,"column":17}},"25":{"start":{"line":82,"column":16},"end":{"line":82,"column":37}},"26":{"start":{"line":88,"column":10},"end":{"line":88,"column":34}},"27":{"start":{"line":89,"column":10},"end":{"line":89,"column":36}},"28":{"start":{"line":90,"column":10},"end":{"line":90,"column":48}},"29":{"start":{"line":91,"column":10},"end":{"line":91,"column":84}},"30":{"start":{"line":93,"column":10},"end":{"line":95,"column":10}},"31":{"start":{"line":95,"column":10},"end":{"line":99,"column":13}},"32":{"start":{"line":96,"column":12},"end":{"line":98,"column":15}},"33":{"start":{"line":97,"column":14},"end":{"line":97,"column":34}},"34":{"start":{"line":103,"column":8},"end":{"line":104,"column":8}},"35":{"start":{"line":104,"column":8},"end":{"line":104,"column":31}},"36":{"start":{"line":105,"column":8},"end":{"line":105,"column":33}},"37":{"start":{"line":107,"column":8},"end":{"line":111,"column":11}},"38":{"start":{"line":108,"column":10},"end":{"line":110,"column":13}},"39":{"start":{"line":109,"column":12},"end":{"line":109,"column":32}},"40":{"start":{"line":117,"column":0},"end":{"line":151,"column":0}},"41":{"start":{"line":119,"column":2},"end":{"line":121,"column":31}},"42":{"start":{"line":123,"column":2},"end":{"line":123,"column":22}},"43":{"start":{"line":124,"column":2},"end":{"line":124,"column":24}},"44":{"start":{"line":126,"column":2},"end":{"line":127,"column":2}},"45":{"start":{"line":127,"column":2},"end":{"line":148,"column":5}},"46":{"start":{"line":129,"column":4},"end":{"line":144,"column":8}},"47":{"start":{"line":130,"column":6},"end":{"line":138,"column":7}},"48":{"start":{"line":131,"column":8},"end":{"line":132,"column":6}},"49":{"start":{"line":133,"column":8},"end":{"line":137,"column":11}},"50":{"start":{"line":134,"column":10},"end":{"line":136,"column":13}},"51":{"start":{"line":135,"column":12},"end":{"line":136,"column":10}},"52":{"start":{"line":140,"column":9},"end":{"line":143,"column":12}},"53":{"start":{"line":141,"column":11},"end":{"line":143,"column":9}},"54":{"start":{"line":145,"column":4},"end":{"line":147,"column":8}},"55":{"start":{"line":146,"column":6},"end":{"line":147,"column":7}}},"branchMap":{"1":{"line":47,"type":"if","locations":[{"start":{"line":47,"column":2},"end":{"line":47,"column":2}},{"start":{"line":47,"column":2},"end":{"line":47,"column":2}}]},"2":{"line":58,"type":"if","locations":[{"start":{"line":58,"column":6},"end":{"line":58,"column":6}},{"start":{"line":58,"column":6},"end":{"line":58,"column":6}}]},"3":{"line":62,"type":"if","locations":[{"start":{"line":62,"column":6},"end":{"line":62,"column":6}},{"start":{"line":62,"column":6},"end":{"line":62,"column":6}}]},"4":{"line":63,"type":"if","locations":[{"start":{"line":63,"column":8},"end":{"line":63,"column":8}},{"start":{"line":63,"column":8},"end":{"line":63,"column":8}}]},"5":{"line":66,"type":"if","locations":[{"start":{"line":66,"column":12},"end":{"line":66,"column":12}},{"start":{"line":66,"column":12},"end":{"line":66,"column":12}}]},"6":{"line":129,"type":"if","locations":[{"start":{"line":129,"column":4},"end":{"line":129,"column":4}},{"start":{"line":129,"column":4},"end":{"line":129,"column":4}}]},"7":{"line":130,"type":"if","locations":[{"start":{"line":130,"column":6},"end":{"line":130,"column":6}},{"start":{"line":130,"column":6},"end":{"line":130,"column":6}}]},"8":{"line":145,"type":"if","locations":[{"start":{"line":145,"column":4},"end":{"line":145,"column":4}},{"start":{"line":145,"column":4},"end":{"line":145,"column":4}}]}}},"/home/wact/ssmp/lib/observe.js":{"path":"/home/wact/ssmp/lib/observe.js","s":{"1":1,"2":1,"3":0,"4":0,"5":0,"6":0,"7":0,"8":0,"9":0,"10":0,"11":0,"12":0,"13":0,"14":0,"15":0,"16":0,"17":0,"18":0,"19":0,"20":0,"21":0,"22":0,"23":0,"24":0,"25":0,"26":0,"27":0,"28":0,"29":0,"30":0,"31":0,"32":0,"33":0,"34":0,"35":0,"36":0,"37":0,"38":0,"39":0,"40":0,"41":0},"b":{"1":[0,0],"2":[0,0],"3":[0,0],"4":[0,0],"5":[0,0],"6":[0,0],"7":[0,0],"8":[0,0],"9":[0,0],"10":[0,0]},"f":{"1":0,"2":0,"3":0,"4":0,"5":0,"6":0,"7":0,"8":0,"9":0,"10":0,"11":0,"12":0,"13":0,"14":0,"15":0},"fnMap":{"1":{"name":"(anonymous_1)","line":33,"loc":{"start":{"line":33,"column":17},"end":{"line":33,"column":29}}},"2":{"name":"(anonymous_2)","line":39,"loc":{"start":{"line":39,"column":29},"end":{"line":39,"column":39}}},"3":{"name":"(anonymous_3)","line":44,"loc":{"start":{"line":44,"column":41},"end":{"line":44,"column":62}}},"4":{"name":"(anonymous_4)","line":61,"loc":{"start":{"line":61,"column":47},"end":{"line":61,"column":57}}},"5":{"name":"(anonymous_5)","line":62,"loc":{"start":{"line":62,"column":81},"end":{"line":62,"column":91}}},"6":{"name":"(anonymous_6)","line":63,"loc":{"start":{"line":63,"column":55},"end":{"line":63,"column":65}}},"7":{"name":"(anonymous_7)","line":77,"loc":{"start":{"line":77,"column":58},"end":{"line":77,"column":68}}},"8":{"name":"(anonymous_8)","line":87,"loc":{"start":{"line":87,"column":58},"end":{"line":87,"column":68}}},"9":{"name":"(anonymous_9)","line":97,"loc":{"start":{"line":97,"column":49},"end":{"line":97,"column":59}}},"10":{"name":"(anonymous_10)","line":98,"loc":{"start":{"line":98,"column":83},"end":{"line":98,"column":93}}},"11":{"name":"(anonymous_11)","line":99,"loc":{"start":{"line":99,"column":62},"end":{"line":99,"column":72}}},"12":{"name":"(anonymous_12)","line":113,"loc":{"start":{"line":113,"column":49},"end":{"line":113,"column":59}}},"13":{"name":"(anonymous_13)","line":114,"loc":{"start":{"line":114,"column":60},"end":{"line":114,"column":70}}},"14":{"name":"(anonymous_14)","line":126,"loc":{"start":{"line":126,"column":49},"end":{"line":126,"column":59}}},"15":{"name":"(anonymous_15)","line":127,"loc":{"start":{"line":127,"column":60},"end":{"line":127,"column":70}}}},"statementMap":{"1":{"start":{"line":1,"column":0},"end":{"line":10,"column":29}},"2":{"start":{"line":33,"column":0},"end":{"line":137,"column":2}},"3":{"start":{"line":35,"column":2},"end":{"line":36,"column":29}},"4":{"start":{"line":38,"column":2},"end":{"line":39,"column":2}},"5":{"start":{"line":39,"column":2},"end":{"line":135,"column":59}},"6":{"start":{"line":41,"column":19},"end":{"line":41,"column":62}},"7":{"start":{"line":42,"column":19},"end":{"line":42,"column":62}},"8":{"start":{"line":44,"column":19},"end":{"line":134,"column":22}},"9":{"start":{"line":46,"column":21},"end":{"line":48,"column":57}},"10":{"start":{"line":53,"column":21},"end":{"line":133,"column":22}},"11":{"start":{"line":55,"column":23},"end":{"line":56,"column":23}},"12":{"start":{"line":56,"column":23},"end":{"line":58,"column":24}},"13":{"start":{"line":57,"column":25},"end":{"line":57,"column":50}},"14":{"start":{"line":60,"column":23},"end":{"line":60,"column":59}},"15":{"start":{"line":61,"column":23},"end":{"line":69,"column":26}},"16":{"start":{"line":62,"column":25},"end":{"line":68,"column":28}},"17":{"start":{"line":63,"column":27},"end":{"line":67,"column":30}},"18":{"start":{"line":64,"column":29},"end":{"line":66,"column":83}},"19":{"start":{"line":76,"column":23},"end":{"line":81,"column":24}},"20":{"start":{"line":77,"column":25},"end":{"line":81,"column":23}},"21":{"start":{"line":78,"column":48},"end":{"line":78,"column":76}},"22":{"start":{"line":86,"column":23},"end":{"line":90,"column":24}},"23":{"start":{"line":87,"column":25},"end":{"line":90,"column":23}},"24":{"start":{"line":88,"column":48},"end":{"line":88,"column":75}},"25":{"start":{"line":95,"column":23},"end":{"line":105,"column":24}},"26":{"start":{"line":96,"column":25},"end":{"line":96,"column":61}},"27":{"start":{"line":97,"column":25},"end":{"line":104,"column":28}},"28":{"start":{"line":98,"column":27},"end":{"line":103,"column":30}},"29":{"start":{"line":99,"column":29},"end":{"line":102,"column":32}},"30":{"start":{"line":100,"column":31},"end":{"line":101,"column":74}},"31":{"start":{"line":110,"column":23},"end":{"line":119,"column":24}},"32":{"start":{"line":112,"column":25},"end":{"line":112,"column":61}},"33":{"start":{"line":113,"column":25},"end":{"line":118,"column":28}},"34":{"start":{"line":114,"column":27},"end":{"line":117,"column":30}},"35":{"start":{"line":115,"column":29},"end":{"line":116,"column":71}},"36":{"start":{"line":124,"column":23},"end":{"line":132,"column":24}},"37":{"start":{"line":125,"column":25},"end":{"line":125,"column":61}},"38":{"start":{"line":126,"column":25},"end":{"line":131,"column":28}},"39":{"start":{"line":127,"column":27},"end":{"line":130,"column":30}},"40":{"start":{"line":128,"column":29},"end":{"line":129,"column":102}},"41":{"start":{"line":136,"column":2},"end":{"line":137,"column":0}}},"branchMap":{"1":{"line":53,"type":"if","locations":[{"start":{"line":53,"column":21},"end":{"line":53,"column":21}},{"start":{"line":53,"column":21},"end":{"line":53,"column":21}}]},"2":{"line":56,"type":"if","locations":[{"start":{"line":56,"column":23},"end":{"line":56,"column":23}},{"start":{"line":56,"column":23},"end":{"line":56,"column":23}}]},"3":{"line":76,"type":"if","locations":[{"start":{"line":76,"column":23},"end":{"line":76,"column":23}},{"start":{"line":76,"column":23},"end":{"line":76,"column":23}}]},"4":{"line":76,"type":"binary-expr","locations":[{"start":{"line":76,"column":26},"end":{"line":76,"column":45}},{"start":{"line":76,"column":49},"end":{"line":76,"column":75}}]},"5":{"line":86,"type":"if","locations":[{"start":{"line":86,"column":23},"end":{"line":86,"column":23}},{"start":{"line":86,"column":23},"end":{"line":86,"column":23}}]},"6":{"line":86,"type":"binary-expr","locations":[{"start":{"line":86,"column":26},"end":{"line":86,"column":44}},{"start":{"line":86,"column":48},"end":{"line":86,"column":74}}]},"7":{"line":95,"type":"if","locations":[{"start":{"line":95,"column":23},"end":{"line":95,"column":23}},{"start":{"line":95,"column":23},"end":{"line":95,"column":23}}]},"8":{"line":110,"type":"if","locations":[{"start":{"line":110,"column":23},"end":{"line":110,"column":23}},{"start":{"line":110,"column":23},"end":{"line":110,"column":23}}]},"9":{"line":124,"type":"if","locations":[{"start":{"line":124,"column":23},"end":{"line":124,"column":23}},{"start":{"line":124,"column":23},"end":{"line":124,"column":23}}]},"10":{"line":124,"type":"binary-expr","locations":[{"start":{"line":124,"column":26},"end":{"line":124,"column":49}},{"start":{"line":124,"column":53},"end":{"line":124,"column":79}}]}}}}