{"/home/wact/ssmp/lib/utils.js":{"path":"/home/wact/ssmp/lib/utils.js","s":{"1":1,"2":1,"3":14,"4":14,"5":23,"6":23,"7":5,"8":5,"9":5,"10":10,"11":10,"12":18,"13":14,"14":1,"15":1,"16":3,"17":3,"18":2,"19":1,"20":3,"21":3,"22":3,"23":1,"24":1,"25":4,"26":4,"27":1,"28":1,"29":4,"30":1,"31":1,"32":4,"33":1,"34":1,"35":4,"36":1,"37":4,"38":1,"39":1,"40":0,"41":0,"42":0,"43":0,"44":0,"45":0,"46":0,"47":0,"48":0,"49":0,"50":0,"51":0,"52":0,"53":0,"54":0,"55":1,"56":1,"57":0,"58":0,"59":0,"60":0,"61":0,"62":0,"63":0,"64":0,"65":1,"66":1,"67":0,"68":0,"69":0,"70":0,"71":0,"72":0,"73":0,"74":1},"b":{"1":[5,18],"2":[5,0],"3":[2,1],"4":[1,3],"5":[4,1,1],"6":[1,3],"7":[4,2,2],"8":[1,3],"9":[4,3,1],"10":[1,3],"11":[4,1,1],"12":[0,0],"13":[0,0],"14":[0,0],"15":[0,0],"16":[0,0],"17":[0,0],"18":[0,0],"19":[0,0],"20":[0,0,0,0],"21":[0,0],"22":[0,0,0,0]},"f":{"1":14,"2":10,"3":3,"4":4,"5":0,"6":0,"7":0},"fnMap":{"1":{"name":"(anonymous_1)","line":21,"loc":{"start":{"line":21,"column":19},"end":{"line":21,"column":35}}},"2":{"name":"(anonymous_2)","line":31,"loc":{"start":{"line":31,"column":35},"end":{"line":31,"column":46}}},"3":{"name":"(anonymous_3)","line":42,"loc":{"start":{"line":42,"column":22},"end":{"line":42,"column":50}}},"4":{"name":"(anonymous_4)","line":62,"loc":{"start":{"line":62,"column":15},"end":{"line":62,"column":28}}},"5":{"name":"(anonymous_5)","line":91,"loc":{"start":{"line":91,"column":10},"end":{"line":91,"column":28}}},"6":{"name":"(anonymous_6)","line":125,"loc":{"start":{"line":125,"column":10},"end":{"line":125,"column":32}}},"7":{"name":"(anonymous_7)","line":149,"loc":{"start":{"line":149,"column":10},"end":{"line":149,"column":32}}}},"statementMap":{"1":{"start":{"line":1,"column":0},"end":{"line":8,"column":29}},"2":{"start":{"line":21,"column":0},"end":{"line":39,"column":2}},"3":{"start":{"line":22,"column":2},"end":{"line":23,"column":30}},"4":{"start":{"line":24,"column":2},"end":{"line":37,"column":3}},"5":{"start":{"line":25,"column":4},"end":{"line":25,"column":32}},"6":{"start":{"line":27,"column":4},"end":{"line":36,"column":5}},"7":{"start":{"line":28,"column":6},"end":{"line":28,"column":39}},"8":{"start":{"line":29,"column":6},"end":{"line":33,"column":7}},"9":{"start":{"line":30,"column":8},"end":{"line":32,"column":9}},"10":{"start":{"line":31,"column":10},"end":{"line":31,"column":61}},"11":{"start":{"line":31,"column":47},"end":{"line":31,"column":58}},"12":{"start":{"line":35,"column":6},"end":{"line":35,"column":23}},"13":{"start":{"line":38,"column":2},"end":{"line":38,"column":13}},"14":{"start":{"line":40,"column":0},"end":{"line":40,"column":36}},"15":{"start":{"line":42,"column":0},"end":{"line":60,"column":0}},"16":{"start":{"line":44,"column":2},"end":{"line":45,"column":40}},"17":{"start":{"line":48,"column":2},"end":{"line":54,"column":3}},"18":{"start":{"line":49,"column":4},"end":{"line":52,"column":2}},"19":{"start":{"line":53,"column":4},"end":{"line":53,"column":44}},"20":{"start":{"line":55,"column":2},"end":{"line":55,"column":43}},"21":{"start":{"line":56,"column":2},"end":{"line":56,"column":43}},"22":{"start":{"line":58,"column":2},"end":{"line":58,"column":29}},"23":{"start":{"line":60,"column":0},"end":{"line":60,"column":42}},"24":{"start":{"line":62,"column":0},"end":{"line":89,"column":0}},"25":{"start":{"line":63,"column":2},"end":{"line":68,"column":42}},"26":{"start":{"line":70,"column":2},"end":{"line":73,"column":3}},"27":{"start":{"line":71,"column":4},"end":{"line":71,"column":57}},"28":{"start":{"line":72,"column":4},"end":{"line":72,"column":24}},"29":{"start":{"line":75,"column":2},"end":{"line":78,"column":3}},"30":{"start":{"line":76,"column":4},"end":{"line":76,"column":47}},"31":{"start":{"line":77,"column":4},"end":{"line":77,"column":20}},"32":{"start":{"line":80,"column":2},"end":{"line":83,"column":3}},"33":{"start":{"line":81,"column":4},"end":{"line":81,"column":36}},"34":{"start":{"line":82,"column":4},"end":{"line":82,"column":16}},"35":{"start":{"line":84,"column":2},"end":{"line":86,"column":3}},"36":{"start":{"line":85,"column":4},"end":{"line":85,"column":32}},"37":{"start":{"line":87,"column":2},"end":{"line":87,"column":14}},"38":{"start":{"line":89,"column":0},"end":{"line":89,"column":28}},"39":{"start":{"line":91,"column":0},"end":{"line":123,"column":0}},"40":{"start":{"line":92,"column":2},"end":{"line":94,"column":33}},"41":{"start":{"line":96,"column":2},"end":{"line":120,"column":3}},"42":{"start":{"line":98,"column":4},"end":{"line":102,"column":5}},"43":{"start":{"line":101,"column":6},"end":{"line":101,"column":47}},"44":{"start":{"line":103,"column":4},"end":{"line":116,"column":5}},"45":{"start":{"line":104,"column":6},"end":{"line":104,"column":77}},"46":{"start":{"line":105,"column":7},"end":{"line":106,"column":4}},"47":{"start":{"line":108,"column":6},"end":{"line":114,"column":7}},"48":{"start":{"line":109,"column":8},"end":{"line":109,"column":17}},"49":{"start":{"line":110,"column":8},"end":{"line":110,"column":48}},"50":{"start":{"line":112,"column":8},"end":{"line":113,"column":8}},"51":{"start":{"line":113,"column":8},"end":{"line":113,"column":47}},"52":{"start":{"line":118,"column":4},"end":{"line":119,"column":4}},"53":{"start":{"line":119,"column":4},"end":{"line":119,"column":43}},"54":{"start":{"line":121,"column":2},"end":{"line":121,"column":12}},"55":{"start":{"line":123,"column":0},"end":{"line":123,"column":18}},"56":{"start":{"line":125,"column":0},"end":{"line":145,"column":2}},"57":{"start":{"line":126,"column":2},"end":{"line":128,"column":33}},"58":{"start":{"line":130,"column":2},"end":{"line":144,"column":3}},"59":{"start":{"line":135,"column":4},"end":{"line":135,"column":42}},"60":{"start":{"line":137,"column":4},"end":{"line":137,"column":43}},"61":{"start":{"line":140,"column":4},"end":{"line":140,"column":29}},"62":{"start":{"line":141,"column":4},"end":{"line":141,"column":22}},"63":{"start":{"line":142,"column":4},"end":{"line":142,"column":24}},"64":{"start":{"line":143,"column":4},"end":{"line":143,"column":11}},"65":{"start":{"line":146,"column":0},"end":{"line":146,"column":18}},"66":{"start":{"line":149,"column":0},"end":{"line":169,"column":2}},"67":{"start":{"line":150,"column":2},"end":{"line":154,"column":24}},"68":{"start":{"line":156,"column":2},"end":{"line":168,"column":3}},"69":{"start":{"line":161,"column":4},"end":{"line":161,"column":48}},"70":{"start":{"line":164,"column":4},"end":{"line":164,"column":29}},"71":{"start":{"line":165,"column":4},"end":{"line":165,"column":22}},"72":{"start":{"line":166,"column":4},"end":{"line":166,"column":24}},"73":{"start":{"line":167,"column":4},"end":{"line":167,"column":11}},"74":{"start":{"line":170,"column":0},"end":{"line":170,"column":18}}},"branchMap":{"1":{"line":27,"type":"if","locations":[{"start":{"line":27,"column":4},"end":{"line":27,"column":4}},{"start":{"line":27,"column":4},"end":{"line":27,"column":4}}]},"2":{"line":29,"type":"if","locations":[{"start":{"line":29,"column":6},"end":{"line":29,"column":6}},{"start":{"line":29,"column":6},"end":{"line":29,"column":6}}]},"3":{"line":48,"type":"if","locations":[{"start":{"line":48,"column":2},"end":{"line":48,"column":2}},{"start":{"line":48,"column":2},"end":{"line":48,"column":2}}]},"4":{"line":70,"type":"if","locations":[{"start":{"line":70,"column":2},"end":{"line":70,"column":2}},{"start":{"line":70,"column":2},"end":{"line":70,"column":2}}]},"5":{"line":70,"type":"binary-expr","locations":[{"start":{"line":70,"column":5},"end":{"line":70,"column":7}},{"start":{"line":70,"column":11},"end":{"line":70,"column":13}},{"start":{"line":70,"column":17},"end":{"line":70,"column":19}}]},"6":{"line":75,"type":"if","locations":[{"start":{"line":75,"column":2},"end":{"line":75,"column":2}},{"start":{"line":75,"column":2},"end":{"line":75,"column":2}}]},"7":{"line":75,"type":"binary-expr","locations":[{"start":{"line":75,"column":5},"end":{"line":75,"column":7}},{"start":{"line":75,"column":11},"end":{"line":75,"column":13}},{"start":{"line":75,"column":17},"end":{"line":75,"column":20}}]},"8":{"line":80,"type":"if","locations":[{"start":{"line":80,"column":2},"end":{"line":80,"column":2}},{"start":{"line":80,"column":2},"end":{"line":80,"column":2}}]},"9":{"line":80,"type":"binary-expr","locations":[{"start":{"line":80,"column":5},"end":{"line":80,"column":7}},{"start":{"line":80,"column":11},"end":{"line":80,"column":14}},{"start":{"line":80,"column":18},"end":{"line":80,"column":21}}]},"10":{"line":84,"type":"if","locations":[{"start":{"line":84,"column":2},"end":{"line":84,"column":2}},{"start":{"line":84,"column":2},"end":{"line":84,"column":2}}]},"11":{"line":84,"type":"binary-expr","locations":[{"start":{"line":84,"column":5},"end":{"line":84,"column":8}},{"start":{"line":84,"column":12},"end":{"line":84,"column":15}},{"start":{"line":84,"column":19},"end":{"line":84,"column":22}}]},"12":{"line":96,"type":"if","locations":[{"start":{"line":96,"column":2},"end":{"line":96,"column":2}},{"start":{"line":96,"column":2},"end":{"line":96,"column":2}}]},"13":{"line":96,"type":"binary-expr","locations":[{"start":{"line":96,"column":5},"end":{"line":96,"column":7}},{"start":{"line":97,"column":5},"end":{"line":97,"column":12}}]},"14":{"line":98,"type":"if","locations":[{"start":{"line":98,"column":4},"end":{"line":98,"column":4}},{"start":{"line":98,"column":4},"end":{"line":98,"column":4}}]},"15":{"line":98,"type":"binary-expr","locations":[{"start":{"line":98,"column":7},"end":{"line":98,"column":13}},{"start":{"line":99,"column":7},"end":{"line":99,"column":22}}]},"16":{"line":103,"type":"if","locations":[{"start":{"line":103,"column":4},"end":{"line":103,"column":4}},{"start":{"line":103,"column":4},"end":{"line":103,"column":4}}]},"17":{"line":108,"type":"if","locations":[{"start":{"line":108,"column":6},"end":{"line":108,"column":6}},{"start":{"line":108,"column":6},"end":{"line":108,"column":6}}]},"18":{"line":108,"type":"binary-expr","locations":[{"start":{"line":108,"column":9},"end":{"line":108,"column":24}},{"start":{"line":108,"column":28},"end":{"line":108,"column":42}}]},"19":{"line":130,"type":"if","locations":[{"start":{"line":130,"column":2},"end":{"line":130,"column":2}},{"start":{"line":130,"column":2},"end":{"line":130,"column":2}}]},"20":{"line":130,"type":"binary-expr","locations":[{"start":{"line":130,"column":5},"end":{"line":130,"column":7}},{"start":{"line":131,"column":5},"end":{"line":131,"column":11}},{"start":{"line":132,"column":5},"end":{"line":132,"column":12}},{"start":{"line":133,"column":5},"end":{"line":133,"column":20}}]},"21":{"line":156,"type":"if","locations":[{"start":{"line":156,"column":2},"end":{"line":156,"column":2}},{"start":{"line":156,"column":2},"end":{"line":156,"column":2}}]},"22":{"line":156,"type":"binary-expr","locations":[{"start":{"line":156,"column":5},"end":{"line":156,"column":7}},{"start":{"line":157,"column":5},"end":{"line":157,"column":11}},{"start":{"line":158,"column":5},"end":{"line":158,"column":12}},{"start":{"line":159,"column":5},"end":{"line":159,"column":20}}]}}},"/home/wact/ssmp/lib/net.js":{"path":"/home/wact/ssmp/lib/net.js","s":{"1":1,"2":1,"3":0,"4":0,"5":1,"6":1,"7":0,"8":0,"9":1,"10":1,"11":0,"12":0,"13":1,"14":0,"15":0,"16":1,"17":0,"18":0,"19":1,"20":0,"21":0},"b":{},"f":{"1":0,"2":0,"3":0,"4":0,"5":0,"6":0},"fnMap":{"1":{"name":"(anonymous_1)","line":11,"loc":{"start":{"line":11,"column":12},"end":{"line":11,"column":24}}},"2":{"name":"(anonymous_2)","line":20,"loc":{"start":{"line":20,"column":10},"end":{"line":20,"column":22}}},"3":{"name":"(anonymous_3)","line":28,"loc":{"start":{"line":28,"column":15},"end":{"line":28,"column":27}}},"4":{"name":"(anonymous_4)","line":39,"loc":{"start":{"line":39,"column":15},"end":{"line":39,"column":33}}},"5":{"name":"(anonymous_5)","line":53,"loc":{"start":{"line":53,"column":18},"end":{"line":53,"column":37}}},"6":{"name":"(anonymous_6)","line":64,"loc":{"start":{"line":64,"column":16},"end":{"line":64,"column":28}}}},"statementMap":{"1":{"start":{"line":1,"column":0},"end":{"line":2,"column":27}},"2":{"start":{"line":11,"column":0},"end":{"line":17,"column":2}},"3":{"start":{"line":13,"column":2},"end":{"line":14,"column":52}},"4":{"start":{"line":16,"column":2},"end":{"line":16,"column":19}},"5":{"start":{"line":18,"column":0},"end":{"line":20,"column":0}},"6":{"start":{"line":20,"column":0},"end":{"line":26,"column":0}},"7":{"start":{"line":21,"column":2},"end":{"line":22,"column":38}},"8":{"start":{"line":23,"column":2},"end":{"line":23,"column":12}},"9":{"start":{"line":26,"column":0},"end":{"line":26,"column":18}},"10":{"start":{"line":28,"column":0},"end":{"line":37,"column":2}},"11":{"start":{"line":29,"column":2},"end":{"line":29,"column":40}},"12":{"start":{"line":30,"column":2},"end":{"line":36,"column":4}},"13":{"start":{"line":39,"column":0},"end":{"line":51,"column":2}},"14":{"start":{"line":40,"column":2},"end":{"line":42,"column":27}},"15":{"start":{"line":44,"column":2},"end":{"line":50,"column":4}},"16":{"start":{"line":53,"column":0},"end":{"line":64,"column":0}},"17":{"start":{"line":54,"column":2},"end":{"line":54,"column":40}},"18":{"start":{"line":55,"column":2},"end":{"line":61,"column":4}},"19":{"start":{"line":64,"column":0},"end":{"line":74,"column":2}},"20":{"start":{"line":65,"column":2},"end":{"line":71,"column":8}},"21":{"start":{"line":73,"column":2},"end":{"line":73,"column":13}}},"branchMap":{}},"/home/wact/ssmp/lib/collections.js":{"path":"/home/wact/ssmp/lib/collections.js","s":{"1":1,"2":1,"3":0,"4":0,"5":0,"6":0,"7":0,"8":0,"9":0,"10":1,"11":1,"12":0,"13":0,"14":0,"15":0,"16":0,"17":0,"18":0,"19":0,"20":0,"21":0,"22":0,"23":0,"24":0,"25":0,"26":0,"27":0,"28":0,"29":0,"30":0,"31":0,"32":0,"33":0,"34":0,"35":0,"36":0,"37":1},"b":{},"f":{"1":0,"2":0},"fnMap":{"1":{"name":"(anonymous_1)","line":3,"loc":{"start":{"line":3,"column":16},"end":{"line":3,"column":34}}},"2":{"name":"(anonymous_2)","line":20,"loc":{"start":{"line":20,"column":13},"end":{"line":20,"column":31}}}},"statementMap":{"1":{"start":{"line":1,"column":0},"end":{"line":1,"column":36}},"2":{"start":{"line":3,"column":0},"end":{"line":16,"column":2}},"3":{"start":{"line":4,"column":2},"end":{"line":7,"column":21}},"4":{"start":{"line":9,"column":2},"end":{"line":9,"column":36}},"5":{"start":{"line":10,"column":2},"end":{"line":10,"column":35}},"6":{"start":{"line":11,"column":2},"end":{"line":11,"column":42}},"7":{"start":{"line":12,"column":2},"end":{"line":12,"column":31}},"8":{"start":{"line":13,"column":2},"end":{"line":13,"column":22}},"9":{"start":{"line":15,"column":2},"end":{"line":15,"column":12}},"10":{"start":{"line":17,"column":0},"end":{"line":17,"column":30}},"11":{"start":{"line":20,"column":0},"end":{"line":57,"column":2}},"12":{"start":{"line":21,"column":2},"end":{"line":21,"column":26}},"13":{"start":{"line":22,"column":2},"end":{"line":25,"column":21}},"14":{"start":{"line":27,"column":2},"end":{"line":28,"column":2}},"15":{"start":{"line":28,"column":2},"end":{"line":29,"column":2}},"16":{"start":{"line":29,"column":2},"end":{"line":29,"column":26}},"17":{"start":{"line":30,"column":2},"end":{"line":30,"column":26}},"18":{"start":{"line":32,"column":2},"end":{"line":32,"column":39}},"19":{"start":{"line":33,"column":2},"end":{"line":33,"column":46}},"20":{"start":{"line":34,"column":2},"end":{"line":34,"column":35}},"21":{"start":{"line":35,"column":2},"end":{"line":35,"column":31}},"22":{"start":{"line":36,"column":2},"end":{"line":37,"column":42}},"23":{"start":{"line":39,"column":2},"end":{"line":39,"column":43}},"24":{"start":{"line":40,"column":2},"end":{"line":40,"column":42}},"25":{"start":{"line":41,"column":2},"end":{"line":41,"column":40}},"26":{"start":{"line":43,"column":2},"end":{"line":55,"column":3}},"27":{"start":{"line":45,"column":4},"end":{"line":45,"column":16}},"28":{"start":{"line":46,"column":4},"end":{"line":46,"column":41}},"29":{"start":{"line":47,"column":4},"end":{"line":47,"column":40}},"30":{"start":{"line":48,"column":4},"end":{"line":48,"column":44}},"31":{"start":{"line":49,"column":4},"end":{"line":49,"column":39}},"32":{"start":{"line":50,"column":4},"end":{"line":50,"column":39}},"33":{"start":{"line":51,"column":4},"end":{"line":51,"column":38}},"34":{"start":{"line":52,"column":4},"end":{"line":52,"column":45}},"35":{"start":{"line":54,"column":4},"end":{"line":54,"column":30}},"36":{"start":{"line":56,"column":2},"end":{"line":56,"column":13}},"37":{"start":{"line":58,"column":0},"end":{"line":58,"column":24}}},"branchMap":{}},"/home/wact/ssmp/lib/generic.js":{"path":"/home/wact/ssmp/lib/generic.js","s":{"1":1,"2":1,"3":0,"4":0,"5":0,"6":0,"7":0,"8":0,"9":0,"10":0,"11":0,"12":0,"13":0,"14":0,"15":0,"16":0,"17":0,"18":0,"19":1,"20":1,"21":0,"22":0,"23":0,"24":0,"25":0,"26":0,"27":0,"28":0,"29":0,"30":0,"31":0,"32":1,"33":1,"34":0,"35":0,"36":0,"37":0,"38":0,"39":0,"40":0,"41":0,"42":0,"43":0,"44":0,"45":0,"46":0,"47":0,"48":0,"49":1,"50":1,"51":0,"52":0,"53":0,"54":0,"55":0,"56":0,"57":0,"58":1,"59":1,"60":0,"61":1,"62":1,"63":0,"64":0,"65":1,"66":1,"67":0,"68":0,"69":1},"b":{"1":[0,0],"2":[0,0],"3":[0,0],"4":[0,0],"5":[0,0],"6":[0,0],"7":[0,0],"8":[0,0],"9":[0,0],"10":[0,0],"11":[0,0],"12":[0,0],"13":[0,0],"14":[0,0],"15":[0,0],"16":[0,0],"17":[0,0]},"f":{"1":0,"2":0,"3":0,"4":0,"5":0,"6":0,"7":0,"8":0,"9":0,"10":0,"11":0,"12":0},"fnMap":{"1":{"name":"(anonymous_1)","line":38,"loc":{"start":{"line":38,"column":10},"end":{"line":38,"column":23}}},"2":{"name":"(anonymous_2)","line":41,"loc":{"start":{"line":41,"column":11},"end":{"line":41,"column":25}}},"3":{"name":"(anonymous_3)","line":44,"loc":{"start":{"line":44,"column":8},"end":{"line":44,"column":19}}},"4":{"name":"(anonymous_4)","line":53,"loc":{"start":{"line":53,"column":8},"end":{"line":53,"column":28}}},"5":{"name":"(anonymous_5)","line":63,"loc":{"start":{"line":63,"column":8},"end":{"line":63,"column":23}}},"6":{"name":"(anonymous_6)","line":80,"loc":{"start":{"line":80,"column":16},"end":{"line":80,"column":38}}},"7":{"name":"(anonymous_7)","line":112,"loc":{"start":{"line":112,"column":17},"end":{"line":112,"column":33}}},"8":{"name":"(anonymous_8)","line":143,"loc":{"start":{"line":143,"column":15},"end":{"line":143,"column":49}}},"9":{"name":"(anonymous_9)","line":149,"loc":{"start":{"line":149,"column":40},"end":{"line":149,"column":50}}},"10":{"name":"(anonymous_10)","line":159,"loc":{"start":{"line":159,"column":11},"end":{"line":159,"column":22}}},"11":{"name":"(anonymous_11)","line":164,"loc":{"start":{"line":164,"column":13},"end":{"line":164,"column":27}}},"12":{"name":"(anonymous_12)","line":175,"loc":{"start":{"line":175,"column":13},"end":{"line":175,"column":23}}}},"statementMap":{"1":{"start":{"line":10,"column":0},"end":{"line":15,"column":29}},"2":{"start":{"line":38,"column":0},"end":{"line":70,"column":2}},"3":{"start":{"line":39,"column":2},"end":{"line":39,"column":23}},"4":{"start":{"line":40,"column":2},"end":{"line":70,"column":0}},"5":{"start":{"line":42,"column":6},"end":{"line":42,"column":35}},"6":{"start":{"line":45,"column":6},"end":{"line":45,"column":14}},"7":{"start":{"line":46,"column":6},"end":{"line":50,"column":7}},"8":{"start":{"line":47,"column":8},"end":{"line":47,"column":18}},"9":{"start":{"line":49,"column":8},"end":{"line":49,"column":32}},"10":{"start":{"line":51,"column":6},"end":{"line":51,"column":17}},"11":{"start":{"line":54,"column":6},"end":{"line":54,"column":28}},"12":{"start":{"line":55,"column":6},"end":{"line":61,"column":7}},"13":{"start":{"line":56,"column":8},"end":{"line":60,"column":9}},"14":{"start":{"line":57,"column":10},"end":{"line":58,"column":8}},"15":{"start":{"line":59,"column":10},"end":{"line":60,"column":8}},"16":{"start":{"line":64,"column":6},"end":{"line":64,"column":23}},"17":{"start":{"line":65,"column":6},"end":{"line":67,"column":7}},"18":{"start":{"line":66,"column":8},"end":{"line":67,"column":6}},"19":{"start":{"line":71,"column":0},"end":{"line":71,"column":18}},"20":{"start":{"line":80,"column":0},"end":{"line":104,"column":2}},"21":{"start":{"line":82,"column":2},"end":{"line":103,"column":3}},"22":{"start":{"line":84,"column":4},"end":{"line":85,"column":29}},"23":{"start":{"line":87,"column":4},"end":{"line":100,"column":5}},"24":{"start":{"line":88,"column":6},"end":{"line":89,"column":35}},"25":{"start":{"line":91,"column":6},"end":{"line":93,"column":7}},"26":{"start":{"line":92,"column":8},"end":{"line":92,"column":14}},"27":{"start":{"line":94,"column":6},"end":{"line":99,"column":7}},"28":{"start":{"line":95,"column":8},"end":{"line":97,"column":9}},"29":{"start":{"line":96,"column":10},"end":{"line":96,"column":35}},"30":{"start":{"line":98,"column":8},"end":{"line":98,"column":14}},"31":{"start":{"line":102,"column":4},"end":{"line":103,"column":2}},"32":{"start":{"line":105,"column":0},"end":{"line":105,"column":30}},"33":{"start":{"line":112,"column":0},"end":{"line":140,"column":2}},"34":{"start":{"line":113,"column":2},"end":{"line":117,"column":28}},"35":{"start":{"line":119,"column":2},"end":{"line":135,"column":3}},"36":{"start":{"line":120,"column":4},"end":{"line":121,"column":33}},"37":{"start":{"line":122,"column":4},"end":{"line":131,"column":5}},"38":{"start":{"line":123,"column":6},"end":{"line":123,"column":40}},"39":{"start":{"line":124,"column":6},"end":{"line":126,"column":7}},"40":{"start":{"line":125,"column":8},"end":{"line":125,"column":16}},"41":{"start":{"line":127,"column":6},"end":{"line":130,"column":7}},"42":{"start":{"line":128,"column":8},"end":{"line":128,"column":27}},"43":{"start":{"line":129,"column":8},"end":{"line":129,"column":14}},"44":{"start":{"line":132,"column":4},"end":{"line":134,"column":5}},"45":{"start":{"line":133,"column":6},"end":{"line":133,"column":12}},"46":{"start":{"line":136,"column":2},"end":{"line":138,"column":3}},"47":{"start":{"line":137,"column":4},"end":{"line":137,"column":13}},"48":{"start":{"line":139,"column":2},"end":{"line":139,"column":13}},"49":{"start":{"line":141,"column":0},"end":{"line":141,"column":32}},"50":{"start":{"line":143,"column":0},"end":{"line":156,"column":2}},"51":{"start":{"line":144,"column":2},"end":{"line":145,"column":2}},"52":{"start":{"line":145,"column":2},"end":{"line":155,"column":3}},"53":{"start":{"line":146,"column":4},"end":{"line":147,"column":33}},"54":{"start":{"line":148,"column":4},"end":{"line":154,"column":5}},"55":{"start":{"line":149,"column":6},"end":{"line":153,"column":9}},"56":{"start":{"line":150,"column":8},"end":{"line":152,"column":9}},"57":{"start":{"line":151,"column":10},"end":{"line":152,"column":8}},"58":{"start":{"line":157,"column":0},"end":{"line":157,"column":28}},"59":{"start":{"line":159,"column":0},"end":{"line":161,"column":2}},"60":{"start":{"line":160,"column":4},"end":{"line":160,"column":32}},"61":{"start":{"line":162,"column":0},"end":{"line":162,"column":20}},"62":{"start":{"line":164,"column":0},"end":{"line":172,"column":2}},"63":{"start":{"line":165,"column":4},"end":{"line":170,"column":30}},"64":{"start":{"line":171,"column":4},"end":{"line":171,"column":51}},"65":{"start":{"line":173,"column":0},"end":{"line":173,"column":24}},"66":{"start":{"line":175,"column":0},"end":{"line":179,"column":2}},"67":{"start":{"line":176,"column":4},"end":{"line":176,"column":24}},"68":{"start":{"line":178,"column":4},"end":{"line":178,"column":29}},"69":{"start":{"line":180,"column":0},"end":{"line":180,"column":24}}},"branchMap":{"1":{"line":39,"type":"binary-expr","locations":[{"start":{"line":39,"column":13},"end":{"line":39,"column":16}},{"start":{"line":39,"column":20},"end":{"line":39,"column":22}}]},"2":{"line":46,"type":"if","locations":[{"start":{"line":46,"column":6},"end":{"line":46,"column":6}},{"start":{"line":46,"column":6},"end":{"line":46,"column":6}}]},"3":{"line":46,"type":"binary-expr","locations":[{"start":{"line":46,"column":9},"end":{"line":46,"column":21}},{"start":{"line":46,"column":25},"end":{"line":46,"column":37}}]},"4":{"line":55,"type":"if","locations":[{"start":{"line":55,"column":6},"end":{"line":55,"column":6}},{"start":{"line":55,"column":6},"end":{"line":55,"column":6}}]},"5":{"line":56,"type":"if","locations":[{"start":{"line":56,"column":8},"end":{"line":56,"column":8}},{"start":{"line":56,"column":8},"end":{"line":56,"column":8}}]},"6":{"line":65,"type":"if","locations":[{"start":{"line":65,"column":6},"end":{"line":65,"column":6}},{"start":{"line":65,"column":6},"end":{"line":65,"column":6}}]},"7":{"line":82,"type":"if","locations":[{"start":{"line":82,"column":2},"end":{"line":82,"column":2}},{"start":{"line":82,"column":2},"end":{"line":82,"column":2}}]},"8":{"line":91,"type":"if","locations":[{"start":{"line":91,"column":6},"end":{"line":91,"column":6}},{"start":{"line":91,"column":6},"end":{"line":91,"column":6}}]},"9":{"line":94,"type":"if","locations":[{"start":{"line":94,"column":6},"end":{"line":94,"column":6}},{"start":{"line":94,"column":6},"end":{"line":94,"column":6}}]},"10":{"line":124,"type":"if","locations":[{"start":{"line":124,"column":6},"end":{"line":124,"column":6}},{"start":{"line":124,"column":6},"end":{"line":124,"column":6}}]},"11":{"line":127,"type":"if","locations":[{"start":{"line":127,"column":6},"end":{"line":127,"column":6}},{"start":{"line":127,"column":6},"end":{"line":127,"column":6}}]},"12":{"line":132,"type":"if","locations":[{"start":{"line":132,"column":4},"end":{"line":132,"column":4}},{"start":{"line":132,"column":4},"end":{"line":132,"column":4}}]},"13":{"line":136,"type":"if","locations":[{"start":{"line":136,"column":2},"end":{"line":136,"column":2}},{"start":{"line":136,"column":2},"end":{"line":136,"column":2}}]},"14":{"line":150,"type":"if","locations":[{"start":{"line":150,"column":8},"end":{"line":150,"column":8}},{"start":{"line":150,"column":8},"end":{"line":150,"column":8}}]},"15":{"line":150,"type":"binary-expr","locations":[{"start":{"line":150,"column":11},"end":{"line":150,"column":26}},{"start":{"line":150,"column":30},"end":{"line":150,"column":45}}]},"16":{"line":160,"type":"cond-expr","locations":[{"start":{"line":160,"column":20},"end":{"line":160,"column":27}},{"start":{"line":160,"column":30},"end":{"line":160,"column":31}}]},"17":{"line":165,"type":"cond-expr","locations":[{"start":{"line":165,"column":20},"end":{"line":165,"column":34}},{"start":{"line":165,"column":37},"end":{"line":165,"column":47}}]}}},"/home/wact/ssmp/lib/default.js":{"path":"/home/wact/ssmp/lib/default.js","s":{"1":1,"2":1,"3":1,"4":1,"5":1,"6":1,"7":1,"8":1,"9":1,"10":1,"11":1},"b":{},"f":{},"fnMap":{},"statementMap":{"1":{"start":{"line":2,"column":0},"end":{"line":2,"column":13}},"2":{"start":{"line":3,"column":0},"end":{"line":3,"column":22}},"3":{"start":{"line":7,"column":0},"end":{"line":15,"column":2}},"4":{"start":{"line":20,"column":0},"end":{"line":23,"column":2}},"5":{"start":{"line":28,"column":0},"end":{"line":30,"column":2}},"6":{"start":{"line":34,"column":0},"end":{"line":36,"column":2}},"7":{"start":{"line":41,"column":0},"end":{"line":51,"column":2}},"8":{"start":{"line":52,"column":0},"end":{"line":57,"column":2}},"9":{"start":{"line":58,"column":0},"end":{"line":58,"column":21}},"10":{"start":{"line":59,"column":0},"end":{"line":59,"column":23}},"11":{"start":{"line":60,"column":0},"end":{"line":60,"column":21}}},"branchMap":{}}}