TN:
SF:/home/wact/ssmp/lib/utils.js
FN:21,(anonymous_1)
FN:31,(anonymous_2)
FN:42,(anonymous_3)
FN:61,(anonymous_4)
FN:90,(anonymous_5)
FN:124,(anonymous_6)
FN:148,(anonymous_7)
FNF:7
FNH:3
FNDA:14,(anonymous_1)
FNDA:10,(anonymous_2)
FNDA:3,(anonymous_3)
FNDA:0,(anonymous_4)
FNDA:0,(anonymous_5)
FNDA:0,(anonymous_6)
FNDA:0,(anonymous_7)
DA:1,1
DA:21,1
DA:22,14
DA:24,14
DA:25,23
DA:27,23
DA:28,5
DA:29,5
DA:30,5
DA:31,10
DA:35,18
DA:38,14
DA:40,1
DA:42,1
DA:44,3
DA:47,3
DA:48,2
DA:52,1
DA:54,3
DA:55,3
DA:57,3
DA:59,1
DA:61,1
DA:62,0
DA:69,0
DA:70,0
DA:71,0
DA:74,0
DA:75,0
DA:76,0
DA:79,0
DA:80,0
DA:81,0
DA:83,0
DA:84,0
DA:86,0
DA:88,1
DA:90,1
DA:91,0
DA:95,0
DA:97,0
DA:100,0
DA:102,0
DA:103,0
DA:104,0
DA:107,0
DA:108,0
DA:109,0
DA:111,0
DA:112,0
DA:117,0
DA:118,0
DA:120,0
DA:122,1
DA:124,1
DA:125,0
DA:129,0
DA:134,0
DA:136,0
DA:139,0
DA:140,0
DA:141,0
DA:142,0
DA:145,1
DA:148,1
DA:149,0
DA:155,0
DA:160,0
DA:163,0
DA:164,0
DA:165,0
DA:166,0
DA:169,1
LF:73
LH:30
BRDA:27,1,0,5
BRDA:27,1,1,18
BRDA:29,2,0,5
BRDA:29,2,1,0
BRDA:47,3,0,2
BRDA:47,3,1,1
BRDA:69,4,0,0
BRDA:69,4,1,0
BRDA:69,5,0,0
BRDA:69,5,1,0
BRDA:69,5,2,0
BRDA:74,6,0,0
BRDA:74,6,1,0
BRDA:74,7,0,0
BRDA:74,7,1,0
BRDA:74,7,2,0
BRDA:79,8,0,0
BRDA:79,8,1,0
BRDA:79,9,0,0
BRDA:79,9,1,0
BRDA:79,9,2,0
BRDA:83,10,0,0
BRDA:83,10,1,0
BRDA:83,11,0,0
BRDA:83,11,1,0
BRDA:83,11,2,0
BRDA:95,12,0,0
BRDA:95,12,1,0
BRDA:95,13,0,0
BRDA:95,13,1,0
BRDA:97,14,0,0
BRDA:97,14,1,0
BRDA:97,15,0,0
BRDA:97,15,1,0
BRDA:102,16,0,0
BRDA:102,16,1,0
BRDA:107,17,0,0
BRDA:107,17,1,0
BRDA:107,18,0,0
BRDA:107,18,1,0
BRDA:129,19,0,0
BRDA:129,19,1,0
BRDA:129,20,0,0
BRDA:129,20,1,0
BRDA:129,20,2,0
BRDA:129,20,3,0
BRDA:155,21,0,0
BRDA:155,21,1,0
BRDA:155,22,0,0
BRDA:155,22,1,0
BRDA:155,22,2,0
BRDA:155,22,3,0
BRF:52
BRH:5
end_of_record
TN:
SF:/home/wact/ssmp/lib/net.js
FN:11,(anonymous_1)
FN:20,(anonymous_2)
FN:28,(anonymous_3)
FN:39,(anonymous_4)
FN:53,(anonymous_5)
FN:64,(anonymous_6)
FNF:6
FNH:0
FNDA:0,(anonymous_1)
FNDA:0,(anonymous_2)
FNDA:0,(anonymous_3)
FNDA:0,(anonymous_4)
FNDA:0,(anonymous_5)
FNDA:0,(anonymous_6)
DA:1,1
DA:11,1
DA:13,0
DA:16,0
DA:18,1
DA:20,1
DA:21,0
DA:23,0
DA:26,1
DA:28,1
DA:29,0
DA:30,0
DA:39,1
DA:40,0
DA:44,0
DA:53,1
DA:54,0
DA:55,0
DA:64,1
DA:65,0
DA:73,0
LF:21
LH:9
BRF:0
BRH:0
end_of_record
TN:
SF:/home/wact/ssmp/lib/collections.js
FN:3,(anonymous_1)
FN:20,(anonymous_2)
FNF:2
FNH:0
FNDA:0,(anonymous_1)
FNDA:0,(anonymous_2)
DA:1,1
DA:3,1
DA:4,0
DA:9,0
DA:10,0
DA:11,0
DA:12,0
DA:13,0
DA:15,0
DA:17,1
DA:20,1
DA:21,0
DA:22,0
DA:27,0
DA:28,0
DA:29,0
DA:30,0
DA:32,0
DA:33,0
DA:34,0
DA:35,0
DA:36,0
DA:39,0
DA:40,0
DA:41,0
DA:43,0
DA:45,0
DA:46,0
DA:47,0
DA:48,0
DA:49,0
DA:50,0
DA:51,0
DA:52,0
DA:54,0
DA:56,0
DA:58,1
LF:37
LH:5
BRF:0
BRH:0
end_of_record
TN:
SF:/home/wact/ssmp/lib/generic.js
FN:38,(anonymous_1)
FN:41,(anonymous_2)
FN:44,(anonymous_3)
FN:53,(anonymous_4)
FN:63,(anonymous_5)
FN:80,(anonymous_6)
FN:112,(anonymous_7)
FN:143,(anonymous_8)
FN:149,(anonymous_9)
FN:159,(anonymous_10)
FN:164,(anonymous_11)
FN:175,(anonymous_12)
FNF:12
FNH:0
FNDA:0,(anonymous_1)
FNDA:0,(anonymous_2)
FNDA:0,(anonymous_3)
FNDA:0,(anonymous_4)
FNDA:0,(anonymous_5)
FNDA:0,(anonymous_6)
FNDA:0,(anonymous_7)
FNDA:0,(anonymous_8)
FNDA:0,(anonymous_9)
FNDA:0,(anonymous_10)
FNDA:0,(anonymous_11)
FNDA:0,(anonymous_12)
DA:10,1
DA:38,1
DA:39,0
DA:40,0
DA:42,0
DA:45,0
DA:46,0
DA:47,0
DA:49,0
DA:51,0
DA:54,0
DA:55,0
DA:56,0
DA:57,0
DA:59,0
DA:64,0
DA:65,0
DA:66,0
DA:71,1
DA:80,1
DA:82,0
DA:84,0
DA:87,0
DA:88,0
DA:91,0
DA:92,0
DA:94,0
DA:95,0
DA:96,0
DA:98,0
DA:102,0
DA:105,1
DA:112,1
DA:113,0
DA:119,0
DA:120,0
DA:122,0
DA:123,0
DA:124,0
DA:125,0
DA:127,0
DA:128,0
DA:129,0
DA:132,0
DA:133,0
DA:136,0
DA:137,0
DA:139,0
DA:141,1
DA:143,1
DA:144,0
DA:145,0
DA:146,0
DA:148,0
DA:149,0
DA:150,0
DA:151,0
DA:157,1
DA:159,1
DA:160,0
DA:162,1
DA:164,1
DA:165,0
DA:171,0
DA:173,1
DA:175,1
DA:176,0
DA:178,0
DA:180,1
LF:69
LH:15
BRDA:39,1,0,0
BRDA:39,1,1,0
BRDA:46,2,0,0
BRDA:46,2,1,0
BRDA:46,3,0,0
BRDA:46,3,1,0
BRDA:55,4,0,0
BRDA:55,4,1,0
BRDA:56,5,0,0
BRDA:56,5,1,0
BRDA:65,6,0,0
BRDA:65,6,1,0
BRDA:82,7,0,0
BRDA:82,7,1,0
BRDA:91,8,0,0
BRDA:91,8,1,0
BRDA:94,9,0,0
BRDA:94,9,1,0
BRDA:124,10,0,0
BRDA:124,10,1,0
BRDA:127,11,0,0
BRDA:127,11,1,0
BRDA:132,12,0,0
BRDA:132,12,1,0
BRDA:136,13,0,0
BRDA:136,13,1,0
BRDA:150,14,0,0
BRDA:150,14,1,0
BRDA:150,15,0,0
BRDA:150,15,1,0
BRDA:160,16,0,0
BRDA:160,16,1,0
BRDA:165,17,0,0
BRDA:165,17,1,0
BRF:34
BRH:0
end_of_record
TN:
SF:/home/wact/ssmp/lib/default.js
FNF:0
FNH:0
DA:2,1
DA:3,1
DA:7,1
DA:20,1
DA:28,1
DA:34,1
DA:41,1
DA:52,1
DA:58,1
DA:59,1
DA:60,1
LF:11
LH:11
BRF:0
BRH:0
end_of_record
